TN:
SF:H:\angular\angular-github-issues\src\polyfills.ts
FNF:0
FNH:0
DA:17,1
DA:22,1
DA:23,1
DA:24,1
DA:25,1
DA:26,1
DA:27,1
DA:28,1
DA:29,1
DA:30,1
DA:31,1
DA:32,1
DA:33,1
DA:34,1
DA:40,1
DA:41,1
DA:47,1
LF:17
LH:17
BRF:0
BRH:0
end_of_record
TN:
SF:H:\angular\angular-github-issues\src\test.ts
FNF:0
FNH:0
DA:3,1
DA:4,1
DA:5,1
DA:6,1
DA:8,1
DA:10,1
DA:12,1
LF:7
LH:7
BRF:0
BRH:0
end_of_record
TN:
SF:H:\angular\angular-github-issues\src\apps\app.component.ts
FN:2,(anonymous_0)
FN:8,(anonymous_1)
FN:18,(anonymous_2)
FN:19,AppComponent
FN:24,(anonymous_4)
FN:28,(anonymous_5)
FN:30,(anonymous_6)
FN:38,(anonymous_7)
FN:42,(anonymous_8)
FNF:9
FNH:6
FNDA:2,(anonymous_0)
FNDA:2,(anonymous_1)
FNDA:1,(anonymous_2)
FNDA:1,AppComponent
FNDA:0,(anonymous_4)
FNDA:1,(anonymous_5)
FNDA:1,(anonymous_6)
FNDA:0,(anonymous_7)
FNDA:0,(anonymous_8)
DA:2,1
DA:3,2
DA:4,2
DA:5,4
DA:6,2
DA:8,1
DA:9,2
DA:11,1
DA:12,1
DA:13,1
DA:14,1
DA:15,1
DA:16,1
DA:17,1
DA:18,1
DA:20,1
DA:21,1
DA:22,1
DA:23,1
DA:24,1
DA:25,1
DA:26,1
DA:28,1
DA:29,1
DA:30,1
DA:31,1
DA:34,1
DA:36,0
DA:39,0
DA:42,1
DA:43,0
DA:44,0
DA:45,0
DA:48,1
DA:52,1
DA:63,1
DA:65,1
LF:37
LH:32
BRDA:2,0,0,1
BRDA:2,0,1,1
BRDA:2,0,2,1
BRDA:3,1,0,1
BRDA:3,1,1,1
BRDA:3,2,0,0
BRDA:3,2,1,1
BRDA:4,3,0,0
BRDA:4,3,1,2
BRDA:4,4,0,2
BRDA:4,4,1,2
BRDA:5,5,0,4
BRDA:5,5,1,0
BRDA:5,6,0,4
BRDA:5,6,1,3
BRDA:5,7,0,2
BRDA:5,7,1,2
BRDA:5,8,0,2
BRDA:5,8,1,0
BRDA:6,9,0,2
BRDA:6,9,1,1
BRDA:6,9,2,0
BRDA:8,10,0,1
BRDA:8,10,1,1
BRDA:8,10,2,1
BRDA:9,11,0,2
BRDA:9,11,1,0
BRDA:9,12,0,2
BRDA:9,12,1,2
BRDA:31,13,0,0
BRDA:31,13,1,1
BRDA:34,14,0,0
BRDA:34,14,1,1
BRDA:43,15,0,0
BRDA:43,15,1,0
BRF:35
BRH:25
end_of_record
TN:
SF:H:\angular\angular-github-issues\src\apps\app.routes.ts
FN:2,(anonymous_0)
FN:27,(anonymous_1)
FN:28,AppRoutes
FNF:3
FNH:3
FNDA:1,(anonymous_0)
FNDA:1,(anonymous_1)
FNDA:1,AppRoutes
DA:2,1
DA:3,1
DA:4,1
DA:5,1
DA:6,1
DA:8,1
DA:9,1
DA:10,1
DA:11,1
DA:27,1
DA:30,1
DA:36,1
DA:38,1
LF:13
LH:13
BRDA:2,0,0,1
BRDA:2,0,1,1
BRDA:2,0,2,1
BRDA:3,1,0,1
BRDA:3,1,1,0
BRDA:3,2,0,0
BRDA:3,2,1,0
BRDA:4,3,0,0
BRDA:4,3,1,1
BRDA:4,4,0,1
BRDA:4,4,1,1
BRDA:5,5,0,1
BRDA:5,5,1,0
BRDA:5,6,0,1
BRDA:5,6,1,0
BRDA:5,7,0,1
BRDA:5,7,1,0
BRDA:5,8,0,0
BRDA:5,8,1,0
BRDA:6,9,0,1
BRDA:6,9,1,0
BRDA:6,9,2,0
BRF:22
BRH:11
end_of_record
TN:
SF:H:\angular\angular-github-issues\src\apps\core\core.module.ts
FN:2,(anonymous_0)
FN:47,(anonymous_1)
FN:48,CoreModule
FN:51,(anonymous_3)
FNF:4
FNH:4
FNDA:1,(anonymous_0)
FNDA:1,(anonymous_1)
FNDA:25,CoreModule
FNDA:23,(anonymous_3)
DA:2,1
DA:3,1
DA:4,1
DA:5,1
DA:6,1
DA:8,1
DA:9,1
DA:10,1
DA:11,1
DA:12,1
DA:47,1
DA:50,1
DA:51,1
DA:52,23
DA:58,1
DA:68,1
DA:70,1
LF:17
LH:17
BRDA:2,0,0,1
BRDA:2,0,1,1
BRDA:2,0,2,1
BRDA:3,1,0,1
BRDA:3,1,1,0
BRDA:3,2,0,0
BRDA:3,2,1,0
BRDA:4,3,0,0
BRDA:4,3,1,1
BRDA:4,4,0,1
BRDA:4,4,1,1
BRDA:5,5,0,1
BRDA:5,5,1,0
BRDA:5,6,0,1
BRDA:5,6,1,0
BRDA:5,7,0,1
BRDA:5,7,1,0
BRDA:5,8,0,0
BRDA:5,8,1,0
BRDA:6,9,0,1
BRDA:6,9,1,0
BRDA:6,9,2,0
BRF:22
BRH:11
end_of_record
TN:
SF:H:\angular\angular-github-issues\src\apps\core\index.ts
FN:2,__export
FNF:1
FNH:1
FNDA:2,__export
DA:3,5
DA:5,1
DA:6,1
DA:7,1
LF:4
LH:4
BRDA:3,0,0,5
BRDA:3,0,1,0
BRF:2
BRH:1
end_of_record
TN:
SF:H:\angular\angular-github-issues\src\apps\core\components\index.ts
FN:2,__export
FNF:1
FNH:1
FNDA:2,__export
DA:3,4
DA:5,1
DA:6,1
DA:7,1
LF:4
LH:4
BRDA:3,0,0,4
BRDA:3,0,1,0
BRF:2
BRH:1
end_of_record
TN:
SF:H:\angular\angular-github-issues\src\apps\core\components\not-found\index.ts
FN:2,__export
FNF:1
FNH:1
FNDA:2,__export
DA:3,2
DA:5,1
DA:6,1
DA:7,1
LF:4
LH:4
BRDA:3,0,0,2
BRDA:3,0,1,0
BRF:2
BRH:1
end_of_record
TN:
SF:H:\angular\angular-github-issues\src\apps\core\components\not-found\not-found.component.ts
FN:2,(anonymous_0)
FN:10,(anonymous_1)
FN:11,NotFoundComponent
FNF:3
FNH:2
FNDA:1,(anonymous_0)
FNDA:1,(anonymous_1)
FNDA:0,NotFoundComponent
DA:2,1
DA:3,1
DA:4,1
DA:5,1
DA:6,1
DA:8,1
DA:9,1
DA:10,1
DA:13,1
DA:20,1
DA:22,1
LF:11
LH:11
BRDA:2,0,0,1
BRDA:2,0,1,1
BRDA:2,0,2,1
BRDA:3,1,0,1
BRDA:3,1,1,0
BRDA:3,2,0,0
BRDA:3,2,1,0
BRDA:4,3,0,0
BRDA:4,3,1,1
BRDA:4,4,0,1
BRDA:4,4,1,1
BRDA:5,5,0,1
BRDA:5,5,1,0
BRDA:5,6,0,1
BRDA:5,6,1,0
BRDA:5,7,0,1
BRDA:5,7,1,0
BRDA:5,8,0,0
BRDA:5,8,1,0
BRDA:6,9,0,1
BRDA:6,9,1,0
BRDA:6,9,2,0
BRF:22
BRH:11
end_of_record
TN:
SF:H:\angular\angular-github-issues\src\apps\core\components\not-found\not-found.module.ts
FN:2,(anonymous_0)
FN:12,(anonymous_1)
FN:13,NotFoundModule
FNF:3
FNH:3
FNDA:1,(anonymous_0)
FNDA:1,(anonymous_1)
FNDA:25,NotFoundModule
DA:2,1
DA:3,1
DA:4,1
DA:5,1
DA:6,1
DA:8,1
DA:9,1
DA:10,1
DA:11,1
DA:12,1
DA:15,1
DA:22,1
DA:24,1
LF:13
LH:13
BRDA:2,0,0,1
BRDA:2,0,1,1
BRDA:2,0,2,1
BRDA:3,1,0,1
BRDA:3,1,1,0
BRDA:3,2,0,0
BRDA:3,2,1,0
BRDA:4,3,0,0
BRDA:4,3,1,1
BRDA:4,4,0,1
BRDA:4,4,1,1
BRDA:5,5,0,1
BRDA:5,5,1,0
BRDA:5,6,0,1
BRDA:5,6,1,0
BRDA:5,7,0,1
BRDA:5,7,1,0
BRDA:5,8,0,0
BRDA:5,8,1,0
BRDA:6,9,0,1
BRDA:6,9,1,0
BRDA:6,9,2,0
BRF:22
BRH:11
end_of_record
TN:
SF:H:\angular\angular-github-issues\src\apps\core\components\spinner\index.ts
FN:2,__export
FNF:1
FNH:1
FNDA:2,__export
DA:3,2
DA:5,1
DA:6,1
DA:7,1
LF:4
LH:4
BRDA:3,0,0,2
BRDA:3,0,1,0
BRF:2
BRH:1
end_of_record
TN:
SF:H:\angular\angular-github-issues\src\apps\core\components\spinner\spinner.component.ts
FN:2,(anonymous_0)
FN:10,(anonymous_1)
FN:11,SpinnerComponent
FNF:3
FNH:3
FNDA:1,(anonymous_0)
FNDA:1,(anonymous_1)
FNDA:1,SpinnerComponent
DA:2,1
DA:3,1
DA:4,1
DA:5,1
DA:6,1
DA:8,1
DA:9,1
DA:10,1
DA:13,1
DA:20,1
DA:22,1
LF:11
LH:11
BRDA:2,0,0,1
BRDA:2,0,1,1
BRDA:2,0,2,1
BRDA:3,1,0,1
BRDA:3,1,1,0
BRDA:3,2,0,0
BRDA:3,2,1,0
BRDA:4,3,0,0
BRDA:4,3,1,1
BRDA:4,4,0,1
BRDA:4,4,1,1
BRDA:5,5,0,1
BRDA:5,5,1,0
BRDA:5,6,0,1
BRDA:5,6,1,0
BRDA:5,7,0,1
BRDA:5,7,1,0
BRDA:5,8,0,0
BRDA:5,8,1,0
BRDA:6,9,0,1
BRDA:6,9,1,0
BRDA:6,9,2,0
BRF:22
BRH:11
end_of_record
TN:
SF:H:\angular\angular-github-issues\src\apps\core\components\spinner\spinner.module.ts
FN:2,(anonymous_0)
FN:11,(anonymous_1)
FN:12,SpinnerModule
FNF:3
FNH:3
FNDA:1,(anonymous_0)
FNDA:1,(anonymous_1)
FNDA:25,SpinnerModule
DA:2,1
DA:3,1
DA:4,1
DA:5,1
DA:6,1
DA:8,1
DA:9,1
DA:10,1
DA:11,1
DA:14,1
DA:20,1
DA:22,1
LF:12
LH:12
BRDA:2,0,0,1
BRDA:2,0,1,1
BRDA:2,0,2,1
BRDA:3,1,0,1
BRDA:3,1,1,0
BRDA:3,2,0,0
BRDA:3,2,1,0
BRDA:4,3,0,0
BRDA:4,3,1,1
BRDA:4,4,0,1
BRDA:4,4,1,1
BRDA:5,5,0,1
BRDA:5,5,1,0
BRDA:5,6,0,1
BRDA:5,6,1,0
BRDA:5,7,0,1
BRDA:5,7,1,0
BRDA:5,8,0,0
BRDA:5,8,1,0
BRDA:6,9,0,1
BRDA:6,9,1,0
BRDA:6,9,2,0
BRF:22
BRH:11
end_of_record
TN:
SF:H:\angular\angular-github-issues\src\apps\github\index.ts
FN:2,__export
FNF:1
FNH:1
FNDA:4,__export
DA:3,82
DA:5,1
DA:6,1
DA:7,1
DA:8,1
DA:9,1
LF:6
LH:6
BRDA:3,0,0,82
BRDA:3,0,1,0
BRF:2
BRH:1
end_of_record
TN:
SF:H:\angular\angular-github-issues\src\apps\github\components\index.ts
FN:2,__export
FNF:1
FNH:1
FNDA:2,__export
DA:3,2
DA:5,1
DA:6,1
DA:7,1
LF:4
LH:4
BRDA:3,0,0,2
BRDA:3,0,1,0
BRF:2
BRH:1
end_of_record
TN:
SF:H:\angular\angular-github-issues\src\apps\github\components\sub-navigation\index.ts
FN:2,__export
FNF:1
FNH:1
FNDA:1,__export
DA:3,1
DA:5,1
DA:6,1
LF:3
LH:3
BRDA:3,0,0,1
BRDA:3,0,1,0
BRF:2
BRH:1
end_of_record
TN:
SF:H:\angular\angular-github-issues\src\apps\github\components\sub-navigation\sub-navigation.component.ts
FN:2,(anonymous_0)
FN:8,(anonymous_1)
FN:16,(anonymous_2)
FN:17,SubNavigationComponent
FN:22,(anonymous_4)
FN:31,(anonymous_5)
FNF:6
FNH:6
FNDA:1,(anonymous_0)
FNDA:1,(anonymous_1)
FNDA:1,(anonymous_2)
FNDA:9,SubNavigationComponent
FNDA:9,(anonymous_4)
FNDA:17,(anonymous_5)
DA:2,1
DA:3,1
DA:4,1
DA:5,2
DA:6,1
DA:8,1
DA:9,1
DA:11,1
DA:12,1
DA:13,1
DA:14,1
DA:15,1
DA:16,1
DA:18,9
DA:19,9
DA:20,9
DA:21,9
DA:22,9
DA:23,9
DA:24,0
DA:26,0
DA:29,9
DA:32,17
DA:34,0
DA:35,0
DA:36,0
DA:41,1
DA:50,1
DA:52,1
LF:29
LH:24
BRDA:2,0,0,1
BRDA:2,0,1,1
BRDA:2,0,2,1
BRDA:3,1,0,1
BRDA:3,1,1,0
BRDA:3,2,0,0
BRDA:3,2,1,0
BRDA:4,3,0,0
BRDA:4,3,1,1
BRDA:4,4,0,1
BRDA:4,4,1,1
BRDA:5,5,0,2
BRDA:5,5,1,0
BRDA:5,6,0,2
BRDA:5,6,1,1
BRDA:5,7,0,2
BRDA:5,7,1,0
BRDA:5,8,0,0
BRDA:5,8,1,0
BRDA:6,9,0,1
BRDA:6,9,1,0
BRDA:6,9,2,0
BRDA:8,10,0,1
BRDA:8,10,1,1
BRDA:8,10,2,1
BRDA:9,11,0,1
BRDA:9,11,1,0
BRDA:9,12,0,1
BRDA:9,12,1,1
BRDA:23,13,0,0
BRDA:23,13,1,9
BRDA:32,14,0,0
BRDA:32,14,1,17
BRF:33
BRH:20
end_of_record
TN:
SF:H:\angular\angular-github-issues\src\apps\github\components\user-collection\index.ts
FN:2,__export
FNF:1
FNH:1
FNDA:1,__export
DA:3,1
DA:5,1
DA:6,1
LF:3
LH:3
BRDA:3,0,0,1
BRDA:3,0,1,0
BRF:2
BRH:1
end_of_record
TN:
SF:H:\angular\angular-github-issues\src\apps\github\components\user-collection\user-collection.component.ts
FN:2,(anonymous_0)
FN:8,(anonymous_1)
FN:15,(anonymous_2)
FN:16,UserSearchCollectionComponent
FN:20,(anonymous_4)
FNF:5
FNH:4
FNDA:2,(anonymous_0)
FNDA:2,(anonymous_1)
FNDA:1,(anonymous_2)
FNDA:6,UserSearchCollectionComponent
FNDA:0,(anonymous_4)
DA:2,1
DA:3,2
DA:4,2
DA:5,4
DA:6,2
DA:8,1
DA:9,2
DA:11,1
DA:12,1
DA:13,1
DA:14,1
DA:15,1
DA:17,6
DA:18,6
DA:20,1
DA:21,0
DA:23,1
DA:27,1
DA:35,1
DA:37,1
LF:20
LH:19
BRDA:2,0,0,1
BRDA:2,0,1,1
BRDA:2,0,2,1
BRDA:3,1,0,1
BRDA:3,1,1,1
BRDA:3,2,0,0
BRDA:3,2,1,1
BRDA:4,3,0,0
BRDA:4,3,1,2
BRDA:4,4,0,2
BRDA:4,4,1,2
BRDA:5,5,0,4
BRDA:5,5,1,0
BRDA:5,6,0,4
BRDA:5,6,1,3
BRDA:5,7,0,2
BRDA:5,7,1,2
BRDA:5,8,0,2
BRDA:5,8,1,0
BRDA:6,9,0,2
BRDA:6,9,1,1
BRDA:6,9,2,0
BRDA:8,10,0,1
BRDA:8,10,1,1
BRDA:8,10,2,1
BRDA:9,11,0,2
BRDA:9,11,1,0
BRDA:9,12,0,2
BRDA:9,12,1,2
BRF:29
BRH:23
end_of_record
TN:
SF:H:\angular\angular-github-issues\src\apps\github\containers\index.ts
FN:2,__export
FNF:1
FNH:1
FNDA:8,__export
DA:3,15
DA:5,1
DA:6,1
DA:7,1
DA:8,1
DA:9,1
DA:10,1
DA:11,1
DA:12,1
DA:13,1
LF:10
LH:10
BRDA:3,0,0,15
BRDA:3,0,1,0
BRF:2
BRH:1
end_of_record
TN:
SF:H:\angular\angular-github-issues\src\apps\github\containers\auth\auth.component.ts
FN:2,(anonymous_0)
FN:8,(anonymous_1)
FN:17,(anonymous_2)
FN:18,UserAuthComponent
FN:26,(anonymous_4)
FN:40,(anonymous_5)
FNF:6
FNH:5
FNDA:1,(anonymous_0)
FNDA:1,(anonymous_1)
FNDA:1,(anonymous_2)
FNDA:1,UserAuthComponent
FNDA:1,(anonymous_4)
FNDA:0,(anonymous_5)
DA:2,1
DA:3,1
DA:4,1
DA:5,2
DA:6,1
DA:8,1
DA:9,1
DA:11,1
DA:12,1
DA:13,1
DA:14,1
DA:15,1
DA:16,1
DA:17,1
DA:19,1
DA:20,1
DA:21,1
DA:22,1
DA:23,1
DA:24,1
DA:25,1
DA:26,1
DA:27,1
DA:30,0
DA:32,0
DA:34,1
DA:36,0
DA:37,0
DA:38,0
DA:41,0
DA:44,1
DA:54,1
DA:56,1
LF:33
LH:27
BRDA:2,0,0,1
BRDA:2,0,1,1
BRDA:2,0,2,1
BRDA:3,1,0,1
BRDA:3,1,1,0
BRDA:3,2,0,0
BRDA:3,2,1,0
BRDA:4,3,0,0
BRDA:4,3,1,1
BRDA:4,4,0,1
BRDA:4,4,1,1
BRDA:5,5,0,2
BRDA:5,5,1,0
BRDA:5,6,0,2
BRDA:5,6,1,1
BRDA:5,7,0,2
BRDA:5,7,1,0
BRDA:5,8,0,0
BRDA:5,8,1,0
BRDA:6,9,0,1
BRDA:6,9,1,0
BRDA:6,9,2,0
BRDA:8,10,0,1
BRDA:8,10,1,1
BRDA:8,10,2,1
BRDA:9,11,0,1
BRDA:9,11,1,0
BRDA:9,12,0,1
BRDA:9,12,1,1
BRDA:27,13,0,0
BRDA:27,13,1,1
BRDA:34,14,0,0
BRDA:34,14,1,1
BRF:33
BRH:20
end_of_record
TN:
SF:H:\angular\angular-github-issues\src\apps\github\containers\auth\index.ts
FN:2,__export
FNF:1
FNH:1
FNDA:5,__export
DA:3,5
DA:5,1
DA:6,1
DA:7,1
DA:8,1
DA:9,1
DA:10,1
LF:7
LH:7
BRDA:3,0,0,5
BRDA:3,0,1,0
BRF:2
BRH:1
end_of_record
TN:
SF:H:\angular\angular-github-issues\src\apps\github\containers\auth\facebook\auth-facebook.componnet.ts
FN:2,(anonymous_0)
FN:8,(anonymous_1)
FN:14,(anonymous_2)
FN:15,UserAuthFacebookComponent
FN:20,(anonymous_4)
FNF:5
FNH:4
FNDA:1,(anonymous_0)
FNDA:1,(anonymous_1)
FNDA:1,(anonymous_2)
FNDA:2,UserAuthFacebookComponent
FNDA:0,(anonymous_4)
DA:2,1
DA:3,1
DA:4,1
DA:5,2
DA:6,1
DA:8,1
DA:9,1
DA:11,1
DA:12,1
DA:13,1
DA:14,1
DA:16,2
DA:17,2
DA:18,2
DA:20,1
DA:21,0
DA:23,1
DA:31,1
DA:33,1
LF:19
LH:18
BRDA:2,0,0,1
BRDA:2,0,1,1
BRDA:2,0,2,1
BRDA:3,1,0,1
BRDA:3,1,1,0
BRDA:3,2,0,0
BRDA:3,2,1,0
BRDA:4,3,0,0
BRDA:4,3,1,1
BRDA:4,4,0,1
BRDA:4,4,1,1
BRDA:5,5,0,2
BRDA:5,5,1,0
BRDA:5,6,0,2
BRDA:5,6,1,1
BRDA:5,7,0,2
BRDA:5,7,1,0
BRDA:5,8,0,0
BRDA:5,8,1,0
BRDA:6,9,0,1
BRDA:6,9,1,0
BRDA:6,9,2,0
BRDA:8,10,0,1
BRDA:8,10,1,1
BRDA:8,10,2,1
BRDA:9,11,0,1
BRDA:9,11,1,0
BRDA:9,12,0,1
BRDA:9,12,1,1
BRF:29
BRH:18
end_of_record
TN:
SF:H:\angular\angular-github-issues\src\apps\github\containers\auth\facebook\index.ts
FN:2,__export
FNF:1
FNH:1
FNDA:1,__export
DA:3,1
DA:5,1
DA:6,1
LF:3
LH:3
BRDA:3,0,0,1
BRDA:3,0,1,0
BRF:2
BRH:1
end_of_record
TN:
SF:H:\angular\angular-github-issues\src\apps\github\containers\auth\github\auth-github.componnet.ts
FN:2,(anonymous_0)
FN:8,(anonymous_1)
FN:14,(anonymous_2)
FN:15,UserAuthGithubComponent
FN:20,(anonymous_4)
FNF:5
FNH:4
FNDA:1,(anonymous_0)
FNDA:1,(anonymous_1)
FNDA:1,(anonymous_2)
FNDA:2,UserAuthGithubComponent
FNDA:0,(anonymous_4)
DA:2,1
DA:3,1
DA:4,1
DA:5,2
DA:6,1
DA:8,1
DA:9,1
DA:11,1
DA:12,1
DA:13,1
DA:14,1
DA:16,2
DA:17,2
DA:18,2
DA:20,1
DA:21,0
DA:23,1
DA:31,1
DA:33,1
LF:19
LH:18
BRDA:2,0,0,1
BRDA:2,0,1,1
BRDA:2,0,2,1
BRDA:3,1,0,1
BRDA:3,1,1,0
BRDA:3,2,0,0
BRDA:3,2,1,0
BRDA:4,3,0,0
BRDA:4,3,1,1
BRDA:4,4,0,1
BRDA:4,4,1,1
BRDA:5,5,0,2
BRDA:5,5,1,0
BRDA:5,6,0,2
BRDA:5,6,1,1
BRDA:5,7,0,2
BRDA:5,7,1,0
BRDA:5,8,0,0
BRDA:5,8,1,0
BRDA:6,9,0,1
BRDA:6,9,1,0
BRDA:6,9,2,0
BRDA:8,10,0,1
BRDA:8,10,1,1
BRDA:8,10,2,1
BRDA:9,11,0,1
BRDA:9,11,1,0
BRDA:9,12,0,1
BRDA:9,12,1,1
BRF:29
BRH:18
end_of_record
TN:
SF:H:\angular\angular-github-issues\src\apps\github\containers\auth\github\index.ts
FN:2,__export
FNF:1
FNH:1
FNDA:1,__export
DA:3,1
DA:5,1
DA:6,1
LF:3
LH:3
BRDA:3,0,0,1
BRDA:3,0,1,0
BRF:2
BRH:1
end_of_record
TN:
SF:H:\angular\angular-github-issues\src\apps\github\containers\auth\google\auth-google.componnet.ts
FN:2,(anonymous_0)
FN:8,(anonymous_1)
FN:14,(anonymous_2)
FN:15,UserAuthGoogleComponent
FN:20,(anonymous_4)
FNF:5
FNH:4
FNDA:1,(anonymous_0)
FNDA:1,(anonymous_1)
FNDA:1,(anonymous_2)
FNDA:2,UserAuthGoogleComponent
FNDA:0,(anonymous_4)
DA:2,1
DA:3,1
DA:4,1
DA:5,2
DA:6,1
DA:8,1
DA:9,1
DA:11,1
DA:12,1
DA:13,1
DA:14,1
DA:16,2
DA:17,2
DA:18,2
DA:20,1
DA:21,0
DA:23,1
DA:31,1
DA:33,1
LF:19
LH:18
BRDA:2,0,0,1
BRDA:2,0,1,1
BRDA:2,0,2,1
BRDA:3,1,0,1
BRDA:3,1,1,0
BRDA:3,2,0,0
BRDA:3,2,1,0
BRDA:4,3,0,0
BRDA:4,3,1,1
BRDA:4,4,0,1
BRDA:4,4,1,1
BRDA:5,5,0,2
BRDA:5,5,1,0
BRDA:5,6,0,2
BRDA:5,6,1,1
BRDA:5,7,0,2
BRDA:5,7,1,0
BRDA:5,8,0,0
BRDA:5,8,1,0
BRDA:6,9,0,1
BRDA:6,9,1,0
BRDA:6,9,2,0
BRDA:8,10,0,1
BRDA:8,10,1,1
BRDA:8,10,2,1
BRDA:9,11,0,1
BRDA:9,11,1,0
BRDA:9,12,0,1
BRDA:9,12,1,1
BRF:29
BRH:18
end_of_record
TN:
SF:H:\angular\angular-github-issues\src\apps\github\containers\auth\google\index.ts
FN:2,__export
FNF:1
FNH:1
FNDA:1,__export
DA:3,1
DA:5,1
DA:6,1
LF:3
LH:3
BRDA:3,0,0,1
BRDA:3,0,1,0
BRF:2
BRH:1
end_of_record
TN:
SF:H:\angular\angular-github-issues\src\apps\github\containers\auth\success\auth-success.componnet.ts
FN:2,(anonymous_0)
FN:8,(anonymous_1)
FN:17,(anonymous_2)
FN:18,UserAuthSuccessComponent
FN:24,(anonymous_4)
FN:26,(anonymous_5)
FN:32,(anonymous_6)
FNF:7
FNH:4
FNDA:2,(anonymous_0)
FNDA:2,(anonymous_1)
FNDA:1,(anonymous_2)
FNDA:1,UserAuthSuccessComponent
FNDA:0,(anonymous_4)
FNDA:0,(anonymous_5)
FNDA:0,(anonymous_6)
DA:2,1
DA:3,2
DA:4,2
DA:5,4
DA:6,2
DA:8,1
DA:9,2
DA:11,1
DA:12,1
DA:13,1
DA:14,1
DA:15,1
DA:16,1
DA:17,1
DA:19,1
DA:20,1
DA:21,1
DA:22,1
DA:24,1
DA:25,0
DA:26,0
DA:28,0
DA:29,0
DA:30,0
DA:31,0
DA:33,0
DA:36,1
DA:40,1
DA:50,1
DA:52,1
LF:30
LH:23
BRDA:2,0,0,1
BRDA:2,0,1,1
BRDA:2,0,2,1
BRDA:3,1,0,1
BRDA:3,1,1,1
BRDA:3,2,0,0
BRDA:3,2,1,1
BRDA:4,3,0,0
BRDA:4,3,1,2
BRDA:4,4,0,2
BRDA:4,4,1,2
BRDA:5,5,0,4
BRDA:5,5,1,0
BRDA:5,6,0,4
BRDA:5,6,1,3
BRDA:5,7,0,2
BRDA:5,7,1,2
BRDA:5,8,0,2
BRDA:5,8,1,0
BRDA:6,9,0,2
BRDA:6,9,1,1
BRDA:6,9,2,0
BRDA:8,10,0,1
BRDA:8,10,1,1
BRDA:8,10,2,1
BRDA:9,11,0,2
BRDA:9,11,1,0
BRDA:9,12,0,2
BRDA:9,12,1,2
BRF:29
BRH:23
end_of_record
TN:
SF:H:\angular\angular-github-issues\src\apps\github\containers\auth\success\index.ts
FN:2,__export
FNF:1
FNH:1
FNDA:1,__export
DA:3,1
DA:5,1
DA:6,1
LF:3
LH:3
BRDA:3,0,0,1
BRDA:3,0,1,0
BRF:2
BRH:1
end_of_record
TN:
SF:H:\angular\angular-github-issues\src\apps\github\containers\repo-issues\index.ts
FN:2,__export
FNF:1
FNH:1
FNDA:2,__export
DA:3,2
DA:5,1
DA:6,1
DA:7,1
LF:4
LH:4
BRDA:3,0,0,2
BRDA:3,0,1,0
BRF:2
BRH:1
end_of_record
TN:
SF:H:\angular\angular-github-issues\src\apps\github\containers\repo-issues\repo-issues.component.ts
FN:2,(anonymous_0)
FN:8,(anonymous_1)
FN:17,(anonymous_2)
FN:18,RepoIssuesComponent
FN:25,(anonymous_4)
FN:26,(anonymous_5)
FN:40,(anonymous_6)
FN:42,(anonymous_7)
FNF:8
FNH:8
FNDA:1,(anonymous_0)
FNDA:1,(anonymous_1)
FNDA:1,(anonymous_2)
FNDA:2,RepoIssuesComponent
FNDA:7,(anonymous_4)
FNDA:1,(anonymous_5)
FNDA:1,(anonymous_6)
FNDA:2,(anonymous_7)
DA:2,1
DA:3,1
DA:4,1
DA:5,2
DA:6,1
DA:8,1
DA:9,1
DA:11,1
DA:12,1
DA:13,1
DA:14,1
DA:15,1
DA:16,1
DA:17,1
DA:19,2
DA:20,2
DA:21,2
DA:22,2
DA:23,2
DA:24,2
DA:25,7
DA:27,1
DA:29,1
DA:30,0
DA:33,1
DA:35,1
DA:40,1
DA:41,1
DA:42,1
DA:43,2
DA:44,1
DA:48,1
DA:57,1
DA:59,1
LF:34
LH:33
BRDA:2,0,0,1
BRDA:2,0,1,1
BRDA:2,0,2,1
BRDA:3,1,0,1
BRDA:3,1,1,0
BRDA:3,2,0,0
BRDA:3,2,1,0
BRDA:4,3,0,0
BRDA:4,3,1,1
BRDA:4,4,0,1
BRDA:4,4,1,1
BRDA:5,5,0,2
BRDA:5,5,1,0
BRDA:5,6,0,2
BRDA:5,6,1,1
BRDA:5,7,0,2
BRDA:5,7,1,0
BRDA:5,8,0,0
BRDA:5,8,1,0
BRDA:6,9,0,1
BRDA:6,9,1,0
BRDA:6,9,2,0
BRDA:8,10,0,1
BRDA:8,10,1,1
BRDA:8,10,2,1
BRDA:9,11,0,1
BRDA:9,11,1,0
BRDA:9,12,0,1
BRDA:9,12,1,1
BRDA:27,13,0,1
BRDA:27,13,1,0
BRDA:29,14,0,0
BRDA:29,14,1,1
BRDA:43,15,0,1
BRDA:43,15,1,1
BRF:35
BRH:22
end_of_record
TN:
SF:H:\angular\angular-github-issues\src\apps\github\containers\repo-issues\issue-collection\index.ts
FN:2,__export
FNF:1
FNH:1
FNDA:1,__export
DA:3,1
DA:5,1
DA:6,1
LF:3
LH:3
BRDA:3,0,0,1
BRDA:3,0,1,0
BRF:2
BRH:1
end_of_record
TN:
SF:H:\angular\angular-github-issues\src\apps\github\containers\repo-issues\issue-collection\issue-collection.component.ts
FN:2,(anonymous_0)
FN:8,(anonymous_1)
FN:15,(anonymous_2)
FN:16,IssueCollectionComponent
FN:20,(anonymous_4)
FNF:5
FNH:4
FNDA:2,(anonymous_0)
FNDA:2,(anonymous_1)
FNDA:1,(anonymous_2)
FNDA:2,IssueCollectionComponent
FNDA:0,(anonymous_4)
DA:2,1
DA:3,2
DA:4,2
DA:5,4
DA:6,2
DA:8,1
DA:9,2
DA:11,1
DA:12,1
DA:13,1
DA:14,1
DA:15,1
DA:17,2
DA:18,2
DA:20,1
DA:21,0
DA:23,1
DA:27,1
DA:37,1
DA:39,1
LF:20
LH:19
BRDA:2,0,0,1
BRDA:2,0,1,1
BRDA:2,0,2,1
BRDA:3,1,0,1
BRDA:3,1,1,1
BRDA:3,2,0,0
BRDA:3,2,1,1
BRDA:4,3,0,0
BRDA:4,3,1,2
BRDA:4,4,0,2
BRDA:4,4,1,2
BRDA:5,5,0,4
BRDA:5,5,1,0
BRDA:5,6,0,4
BRDA:5,6,1,3
BRDA:5,7,0,2
BRDA:5,7,1,2
BRDA:5,8,0,2
BRDA:5,8,1,0
BRDA:6,9,0,2
BRDA:6,9,1,1
BRDA:6,9,2,0
BRDA:8,10,0,1
BRDA:8,10,1,1
BRDA:8,10,2,1
BRDA:9,11,0,2
BRDA:9,11,1,0
BRDA:9,12,0,2
BRDA:9,12,1,2
BRF:29
BRH:23
end_of_record
TN:
SF:H:\angular\angular-github-issues\src\apps\github\containers\repo-search\index.ts
FN:2,__export
FNF:1
FNH:1
FNDA:3,__export
DA:3,3
DA:5,1
DA:6,1
DA:7,1
DA:8,1
LF:5
LH:5
BRDA:3,0,0,3
BRDA:3,0,1,0
BRF:2
BRH:1
end_of_record
TN:
SF:H:\angular\angular-github-issues\src\apps\github\containers\repo-search\search.component.ts
FN:2,(anonymous_0)
FN:8,(anonymous_1)
FN:17,(anonymous_2)
FN:18,RepoSearchComponent
FN:29,(anonymous_4)
FN:45,(anonymous_5)
FN:48,(anonymous_6)
FNF:7
FNH:7
FNDA:1,(anonymous_0)
FNDA:1,(anonymous_1)
FNDA:1,(anonymous_2)
FNDA:2,RepoSearchComponent
FNDA:6,(anonymous_4)
FNDA:2,(anonymous_5)
FNDA:1,(anonymous_6)
DA:2,1
DA:3,1
DA:4,1
DA:5,2
DA:6,1
DA:8,1
DA:9,1
DA:11,1
DA:12,1
DA:13,1
DA:14,1
DA:15,1
DA:16,1
DA:17,1
DA:19,2
DA:20,2
DA:21,2
DA:22,2
DA:23,2
DA:24,2
DA:25,2
DA:26,2
DA:27,2
DA:30,6
DA:32,1
DA:33,1
DA:34,1
DA:36,0
DA:37,0
DA:40,0
DA:45,1
DA:46,2
DA:48,1
DA:49,1
DA:50,1
DA:51,1
DA:54,1
DA:64,1
DA:66,1
LF:39
LH:36
BRDA:2,0,0,1
BRDA:2,0,1,1
BRDA:2,0,2,1
BRDA:3,1,0,1
BRDA:3,1,1,0
BRDA:3,2,0,0
BRDA:3,2,1,0
BRDA:4,3,0,0
BRDA:4,3,1,1
BRDA:4,4,0,1
BRDA:4,4,1,1
BRDA:5,5,0,2
BRDA:5,5,1,0
BRDA:5,6,0,2
BRDA:5,6,1,1
BRDA:5,7,0,2
BRDA:5,7,1,0
BRDA:5,8,0,0
BRDA:5,8,1,0
BRDA:6,9,0,1
BRDA:6,9,1,0
BRDA:6,9,2,0
BRDA:8,10,0,1
BRDA:8,10,1,1
BRDA:8,10,2,1
BRDA:9,11,0,1
BRDA:9,11,1,0
BRDA:9,12,0,1
BRDA:9,12,1,1
BRDA:30,13,0,1
BRDA:30,13,1,0
BRDA:30,13,2,5
BRDA:49,14,0,1
BRDA:49,14,1,0
BRF:34
BRH:21
end_of_record
TN:
SF:H:\angular\angular-github-issues\src\apps\github\containers\repo-search\chart\chart.component.ts
FN:2,(anonymous_0)
FN:8,(anonymous_1)
FN:13,(anonymous_2)
FN:14,ChartComponent
FN:36,(anonymous_4)
FNF:5
FNH:5
FNDA:2,(anonymous_0)
FNDA:1,(anonymous_1)
FNDA:1,(anonymous_2)
FNDA:41,ChartComponent
FNDA:40,(anonymous_4)
DA:2,1
DA:3,2
DA:4,2
DA:5,3
DA:6,2
DA:8,1
DA:9,1
DA:11,1
DA:12,1
DA:13,1
DA:15,41
DA:16,41
DA:17,41
DA:29,41
DA:33,41
DA:34,41
DA:36,1
DA:37,40
DA:46,1
DA:50,1
DA:56,1
DA:58,1
LF:22
LH:22
BRDA:2,0,0,1
BRDA:2,0,1,1
BRDA:2,0,2,1
BRDA:3,1,0,1
BRDA:3,1,1,1
BRDA:3,2,0,0
BRDA:3,2,1,1
BRDA:4,3,0,0
BRDA:4,3,1,2
BRDA:4,4,0,2
BRDA:4,4,1,2
BRDA:5,5,0,3
BRDA:5,5,1,0
BRDA:5,6,0,3
BRDA:5,6,1,2
BRDA:5,7,0,1
BRDA:5,7,1,2
BRDA:5,8,0,2
BRDA:5,8,1,0
BRDA:6,9,0,2
BRDA:6,9,1,1
BRDA:6,9,2,0
BRDA:8,10,0,1
BRDA:8,10,1,1
BRDA:8,10,2,1
BRDA:9,11,0,1
BRDA:9,11,1,0
BRDA:9,12,0,1
BRDA:9,12,1,1
BRF:29
BRH:23
end_of_record
TN:
SF:H:\angular\angular-github-issues\src\apps\github\containers\repo-search\chart\index.ts
FN:2,__export
FNF:1
FNH:1
FNDA:1,__export
DA:3,1
DA:5,1
DA:6,1
LF:3
LH:3
BRDA:3,0,0,1
BRDA:3,0,1,0
BRF:2
BRH:1
end_of_record
TN:
SF:H:\angular\angular-github-issues\src\apps\github\containers\repo-search\search-collection\index.ts
FN:2,__export
FNF:1
FNH:1
FNDA:1,__export
DA:3,1
DA:5,1
DA:6,1
LF:3
LH:3
BRDA:3,0,0,1
BRDA:3,0,1,0
BRF:2
BRH:1
end_of_record
TN:
SF:H:\angular\angular-github-issues\src\apps\github\containers\repo-search\search-collection\search-collection.component.ts
FN:2,(anonymous_0)
FN:8,(anonymous_1)
FN:15,(anonymous_2)
FN:16,SearchCollectionComponent
FN:19,(anonymous_4)
FNF:5
FNH:5
FNDA:2,(anonymous_0)
FNDA:2,(anonymous_1)
FNDA:1,(anonymous_2)
FNDA:4,SearchCollectionComponent
FNDA:1,(anonymous_4)
DA:2,1
DA:3,2
DA:4,2
DA:5,4
DA:6,2
DA:8,1
DA:9,2
DA:11,1
DA:12,1
DA:13,1
DA:14,1
DA:15,1
DA:17,4
DA:19,1
DA:20,1
DA:22,1
DA:26,1
DA:35,1
DA:37,1
LF:19
LH:19
BRDA:2,0,0,1
BRDA:2,0,1,1
BRDA:2,0,2,1
BRDA:3,1,0,1
BRDA:3,1,1,1
BRDA:3,2,0,0
BRDA:3,2,1,1
BRDA:4,3,0,0
BRDA:4,3,1,2
BRDA:4,4,0,2
BRDA:4,4,1,2
BRDA:5,5,0,4
BRDA:5,5,1,0
BRDA:5,6,0,4
BRDA:5,6,1,3
BRDA:5,7,0,2
BRDA:5,7,1,2
BRDA:5,8,0,2
BRDA:5,8,1,0
BRDA:6,9,0,2
BRDA:6,9,1,1
BRDA:6,9,2,0
BRDA:8,10,0,1
BRDA:8,10,1,1
BRDA:8,10,2,1
BRDA:9,11,0,2
BRDA:9,11,1,0
BRDA:9,12,0,2
BRDA:9,12,1,2
BRF:29
BRH:23
end_of_record
TN:
SF:H:\angular\angular-github-issues\src\apps\github\containers\user-followers\follower.component.ts
FN:2,(anonymous_0)
FN:8,(anonymous_1)
FN:15,(anonymous_2)
FN:16,UserFollowerComponent
FN:23,(anonymous_4)
FN:35,(anonymous_5)
FN:37,(anonymous_6)
FNF:7
FNH:7
FNDA:1,(anonymous_0)
FNDA:1,(anonymous_1)
FNDA:1,(anonymous_2)
FNDA:2,UserFollowerComponent
FNDA:4,(anonymous_4)
FNDA:2,(anonymous_5)
FNDA:3,(anonymous_6)
DA:2,1
DA:3,1
DA:4,1
DA:5,2
DA:6,1
DA:8,1
DA:9,1
DA:11,1
DA:12,1
DA:13,1
DA:14,1
DA:15,1
DA:17,2
DA:18,2
DA:19,2
DA:20,2
DA:21,2
DA:24,4
DA:26,0
DA:27,0
DA:29,1
DA:30,1
DA:35,1
DA:36,2
DA:37,2
DA:38,3
DA:39,1
DA:43,1
DA:52,1
DA:54,1
LF:30
LH:28
BRDA:2,0,0,1
BRDA:2,0,1,1
BRDA:2,0,2,1
BRDA:3,1,0,1
BRDA:3,1,1,0
BRDA:3,2,0,0
BRDA:3,2,1,0
BRDA:4,3,0,0
BRDA:4,3,1,1
BRDA:4,4,0,1
BRDA:4,4,1,1
BRDA:5,5,0,2
BRDA:5,5,1,0
BRDA:5,6,0,2
BRDA:5,6,1,1
BRDA:5,7,0,2
BRDA:5,7,1,0
BRDA:5,8,0,0
BRDA:5,8,1,0
BRDA:6,9,0,1
BRDA:6,9,1,0
BRDA:6,9,2,0
BRDA:8,10,0,1
BRDA:8,10,1,1
BRDA:8,10,2,1
BRDA:9,11,0,1
BRDA:9,11,1,0
BRDA:9,12,0,1
BRDA:9,12,1,1
BRDA:24,13,0,0
BRDA:24,13,1,1
BRDA:24,13,2,3
BRDA:38,14,0,1
BRDA:38,14,1,2
BRF:34
BRH:22
end_of_record
TN:
SF:H:\angular\angular-github-issues\src\apps\github\containers\user-followers\index.ts
FN:2,__export
FNF:1
FNH:1
FNDA:1,__export
DA:3,1
DA:5,1
DA:6,1
LF:3
LH:3
BRDA:3,0,0,1
BRDA:3,0,1,0
BRF:2
BRH:1
end_of_record
TN:
SF:H:\angular\angular-github-issues\src\apps\github\containers\user-following\following.component.ts
FN:2,(anonymous_0)
FN:8,(anonymous_1)
FN:15,(anonymous_2)
FN:16,UserFollowingComponent
FN:23,(anonymous_4)
FN:35,(anonymous_5)
FN:37,(anonymous_6)
FNF:7
FNH:7
FNDA:1,(anonymous_0)
FNDA:1,(anonymous_1)
FNDA:1,(anonymous_2)
FNDA:2,UserFollowingComponent
FNDA:4,(anonymous_4)
FNDA:2,(anonymous_5)
FNDA:3,(anonymous_6)
DA:2,1
DA:3,1
DA:4,1
DA:5,2
DA:6,1
DA:8,1
DA:9,1
DA:11,1
DA:12,1
DA:13,1
DA:14,1
DA:15,1
DA:17,2
DA:18,2
DA:19,2
DA:20,2
DA:21,2
DA:24,4
DA:26,0
DA:27,0
DA:29,1
DA:30,1
DA:35,1
DA:36,2
DA:37,2
DA:38,3
DA:39,1
DA:43,1
DA:52,1
DA:54,1
LF:30
LH:28
BRDA:2,0,0,1
BRDA:2,0,1,1
BRDA:2,0,2,1
BRDA:3,1,0,1
BRDA:3,1,1,0
BRDA:3,2,0,0
BRDA:3,2,1,0
BRDA:4,3,0,0
BRDA:4,3,1,1
BRDA:4,4,0,1
BRDA:4,4,1,1
BRDA:5,5,0,2
BRDA:5,5,1,0
BRDA:5,6,0,2
BRDA:5,6,1,1
BRDA:5,7,0,2
BRDA:5,7,1,0
BRDA:5,8,0,0
BRDA:5,8,1,0
BRDA:6,9,0,1
BRDA:6,9,1,0
BRDA:6,9,2,0
BRDA:8,10,0,1
BRDA:8,10,1,1
BRDA:8,10,2,1
BRDA:9,11,0,1
BRDA:9,11,1,0
BRDA:9,12,0,1
BRDA:9,12,1,1
BRDA:24,13,0,0
BRDA:24,13,1,1
BRDA:24,13,2,3
BRDA:38,14,0,1
BRDA:38,14,1,2
BRF:34
BRH:22
end_of_record
TN:
SF:H:\angular\angular-github-issues\src\apps\github\containers\user-following\index.ts
FN:2,__export
FNF:1
FNH:1
FNDA:1,__export
DA:3,1
DA:5,1
DA:6,1
LF:3
LH:3
BRDA:3,0,0,1
BRDA:3,0,1,0
BRF:2
BRH:1
end_of_record
TN:
SF:H:\angular\angular-github-issues\src\apps\github\containers\user-gists\index.ts
FN:2,__export
FNF:1
FNH:1
FNDA:1,__export
DA:3,1
DA:5,1
DA:6,1
LF:3
LH:3
BRDA:3,0,0,1
BRDA:3,0,1,0
BRF:2
BRH:1
end_of_record
TN:
SF:H:\angular\angular-github-issues\src\apps\github\containers\user-gists\user-gists.component.ts
FN:2,(anonymous_0)
FN:8,(anonymous_1)
FN:15,(anonymous_2)
FN:16,UserGistsComponent
FN:21,(anonymous_4)
FN:29,(anonymous_5)
FN:31,(anonymous_6)
FNF:7
FNH:7
FNDA:1,(anonymous_0)
FNDA:1,(anonymous_1)
FNDA:1,(anonymous_2)
FNDA:2,UserGistsComponent
FNDA:4,(anonymous_4)
FNDA:2,(anonymous_5)
FNDA:3,(anonymous_6)
DA:2,1
DA:3,1
DA:4,1
DA:5,2
DA:6,1
DA:8,1
DA:9,1
DA:11,1
DA:12,1
DA:13,1
DA:14,1
DA:15,1
DA:17,2
DA:18,2
DA:19,2
DA:22,4
DA:24,0
DA:29,1
DA:30,2
DA:31,2
DA:32,3
DA:33,1
DA:37,1
DA:46,1
DA:48,1
LF:25
LH:24
BRDA:2,0,0,1
BRDA:2,0,1,1
BRDA:2,0,2,1
BRDA:3,1,0,1
BRDA:3,1,1,0
BRDA:3,2,0,0
BRDA:3,2,1,0
BRDA:4,3,0,0
BRDA:4,3,1,1
BRDA:4,4,0,1
BRDA:4,4,1,1
BRDA:5,5,0,2
BRDA:5,5,1,0
BRDA:5,6,0,2
BRDA:5,6,1,1
BRDA:5,7,0,2
BRDA:5,7,1,0
BRDA:5,8,0,0
BRDA:5,8,1,0
BRDA:6,9,0,1
BRDA:6,9,1,0
BRDA:6,9,2,0
BRDA:8,10,0,1
BRDA:8,10,1,1
BRDA:8,10,2,1
BRDA:9,11,0,1
BRDA:9,11,1,0
BRDA:9,12,0,1
BRDA:9,12,1,1
BRDA:22,13,0,0
BRDA:22,13,1,4
BRDA:32,14,0,1
BRDA:32,14,1,2
BRF:33
BRH:21
end_of_record
TN:
SF:H:\angular\angular-github-issues\src\apps\github\containers\user-repos\index.ts
FN:2,__export
FNF:1
FNH:1
FNDA:1,__export
DA:3,1
DA:5,1
DA:6,1
LF:3
LH:3
BRDA:3,0,0,1
BRDA:3,0,1,0
BRF:2
BRH:1
end_of_record
TN:
SF:H:\angular\angular-github-issues\src\apps\github\containers\user-repos\user-repos.component.ts
FN:2,(anonymous_0)
FN:8,(anonymous_1)
FN:16,(anonymous_2)
FN:17,UserReposComponent
FN:25,(anonymous_4)
FN:33,(anonymous_5)
FN:35,(anonymous_6)
FN:46,(anonymous_7)
FNF:8
FNH:8
FNDA:2,(anonymous_0)
FNDA:2,(anonymous_1)
FNDA:1,(anonymous_2)
FNDA:2,UserReposComponent
FNDA:4,(anonymous_4)
FNDA:2,(anonymous_5)
FNDA:3,(anonymous_6)
FNDA:2,(anonymous_7)
DA:2,1
DA:3,2
DA:4,2
DA:5,4
DA:6,2
DA:8,1
DA:9,2
DA:11,1
DA:12,1
DA:13,1
DA:14,1
DA:15,1
DA:16,1
DA:18,2
DA:19,2
DA:20,2
DA:21,2
DA:23,2
DA:26,4
DA:28,1
DA:33,1
DA:34,2
DA:35,2
DA:36,3
DA:37,1
DA:38,1
DA:46,1
DA:47,2
DA:49,1
DA:53,1
DA:62,1
DA:64,1
LF:32
LH:32
BRDA:2,0,0,1
BRDA:2,0,1,1
BRDA:2,0,2,1
BRDA:3,1,0,1
BRDA:3,1,1,1
BRDA:3,2,0,0
BRDA:3,2,1,1
BRDA:4,3,0,0
BRDA:4,3,1,2
BRDA:4,4,0,2
BRDA:4,4,1,2
BRDA:5,5,0,4
BRDA:5,5,1,0
BRDA:5,6,0,4
BRDA:5,6,1,3
BRDA:5,7,0,2
BRDA:5,7,1,2
BRDA:5,8,0,2
BRDA:5,8,1,0
BRDA:6,9,0,2
BRDA:6,9,1,1
BRDA:6,9,2,0
BRDA:8,10,0,1
BRDA:8,10,1,1
BRDA:8,10,2,1
BRDA:9,11,0,2
BRDA:9,11,1,0
BRDA:9,12,0,2
BRDA:9,12,1,2
BRDA:26,13,0,1
BRDA:26,13,1,3
BRDA:36,14,0,1
BRDA:36,14,1,2
BRF:33
BRH:27
end_of_record
TN:
SF:H:\angular\angular-github-issues\src\apps\github\containers\user-search\index.ts
FN:2,__export
FNF:1
FNH:1
FNDA:1,__export
DA:3,1
DA:5,1
DA:6,1
LF:3
LH:3
BRDA:3,0,0,1
BRDA:3,0,1,0
BRF:2
BRH:1
end_of_record
TN:
SF:H:\angular\angular-github-issues\src\apps\github\containers\user-search\user-search.component.ts
FN:2,(anonymous_0)
FN:8,(anonymous_1)
FN:17,(anonymous_2)
FN:18,UserSearchComponent
FN:29,(anonymous_4)
FN:39,(anonymous_5)
FN:42,(anonymous_6)
FNF:7
FNH:7
FNDA:1,(anonymous_0)
FNDA:1,(anonymous_1)
FNDA:1,(anonymous_2)
FNDA:2,UserSearchComponent
FNDA:24,(anonymous_4)
FNDA:2,(anonymous_5)
FNDA:1,(anonymous_6)
DA:2,1
DA:3,1
DA:4,1
DA:5,2
DA:6,1
DA:8,1
DA:9,1
DA:11,1
DA:12,1
DA:13,1
DA:14,1
DA:15,1
DA:16,1
DA:17,1
DA:19,2
DA:20,2
DA:21,2
DA:22,2
DA:23,2
DA:24,2
DA:25,2
DA:26,2
DA:27,2
DA:30,24
DA:32,1
DA:33,1
DA:34,1
DA:39,1
DA:40,2
DA:42,1
DA:43,1
DA:44,1
DA:45,1
DA:48,1
DA:58,1
DA:60,1
LF:36
LH:36
BRDA:2,0,0,1
BRDA:2,0,1,1
BRDA:2,0,2,1
BRDA:3,1,0,1
BRDA:3,1,1,0
BRDA:3,2,0,0
BRDA:3,2,1,0
BRDA:4,3,0,0
BRDA:4,3,1,1
BRDA:4,4,0,1
BRDA:4,4,1,1
BRDA:5,5,0,2
BRDA:5,5,1,0
BRDA:5,6,0,2
BRDA:5,6,1,1
BRDA:5,7,0,2
BRDA:5,7,1,0
BRDA:5,8,0,0
BRDA:5,8,1,0
BRDA:6,9,0,1
BRDA:6,9,1,0
BRDA:6,9,2,0
BRDA:8,10,0,1
BRDA:8,10,1,1
BRDA:8,10,2,1
BRDA:9,11,0,1
BRDA:9,11,1,0
BRDA:9,12,0,1
BRDA:9,12,1,1
BRDA:30,13,0,1
BRDA:30,13,1,23
BRDA:43,14,0,1
BRDA:43,14,1,0
BRF:33
BRH:21
end_of_record
TN:
SF:H:\angular\angular-github-issues\src\apps\github\shared\index.ts
FN:2,__export
FNF:1
FNH:1
FNDA:3,__export
DA:3,4
DA:5,1
DA:6,1
DA:7,1
DA:8,1
DA:9,1
DA:10,1
DA:11,1
DA:12,1
DA:13,1
DA:14,1
DA:15,1
LF:12
LH:12
BRDA:3,0,0,4
BRDA:3,0,1,0
BRF:2
BRH:1
end_of_record
TN:
SF:H:\angular\angular-github-issues\src\apps\github\shared\shared.module.ts
FN:2,(anonymous_0)
FN:12,(anonymous_1)
FN:13,SharedModule
FN:16,(anonymous_3)
FNF:4
FNH:4
FNDA:1,(anonymous_0)
FNDA:1,(anonymous_1)
FNDA:25,SharedModule
FNDA:23,(anonymous_3)
DA:2,1
DA:3,1
DA:4,1
DA:5,1
DA:6,1
DA:8,1
DA:9,1
DA:10,1
DA:11,1
DA:12,1
DA:15,1
DA:16,1
DA:17,23
DA:30,1
DA:33,1
DA:35,1
LF:16
LH:16
BRDA:2,0,0,1
BRDA:2,0,1,1
BRDA:2,0,2,1
BRDA:3,1,0,1
BRDA:3,1,1,0
BRDA:3,2,0,0
BRDA:3,2,1,0
BRDA:4,3,0,0
BRDA:4,3,1,1
BRDA:4,4,0,1
BRDA:4,4,1,1
BRDA:5,5,0,1
BRDA:5,5,1,0
BRDA:5,6,0,1
BRDA:5,6,1,0
BRDA:5,7,0,1
BRDA:5,7,1,0
BRDA:5,8,0,0
BRDA:5,8,1,0
BRDA:6,9,0,1
BRDA:6,9,1,0
BRDA:6,9,2,0
BRF:22
BRH:11
end_of_record
TN:
SF:H:\angular\angular-github-issues\src\apps\github\shared\shared.testing.module.ts
FN:2,(anonymous_0)
FN:13,(anonymous_1)
FN:14,SharedTestingModule
FN:17,(anonymous_3)
FNF:4
FNH:4
FNDA:1,(anonymous_0)
FNDA:1,(anonymous_1)
FNDA:24,SharedTestingModule
FNDA:22,(anonymous_3)
DA:2,1
DA:3,1
DA:4,1
DA:5,1
DA:6,1
DA:8,1
DA:9,1
DA:10,1
DA:11,1
DA:12,1
DA:13,1
DA:16,1
DA:17,1
DA:18,22
DA:24,1
DA:40,1
DA:42,1
LF:17
LH:17
BRDA:2,0,0,1
BRDA:2,0,1,1
BRDA:2,0,2,1
BRDA:3,1,0,1
BRDA:3,1,1,0
BRDA:3,2,0,0
BRDA:3,2,1,0
BRDA:4,3,0,0
BRDA:4,3,1,1
BRDA:4,4,0,1
BRDA:4,4,1,1
BRDA:5,5,0,1
BRDA:5,5,1,0
BRDA:5,6,0,1
BRDA:5,6,1,0
BRDA:5,7,0,1
BRDA:5,7,1,0
BRDA:5,8,0,0
BRDA:5,8,1,0
BRDA:6,9,0,1
BRDA:6,9,1,0
BRDA:6,9,2,0
BRF:22
BRH:11
end_of_record
TN:
SF:H:\angular\angular-github-issues\src\apps\github\shared\services\github.service.ts
FN:2,(anonymous_0)
FN:8,(anonymous_1)
FN:14,(anonymous_2)
FN:15,GithubService
FN:18,(anonymous_4)
FN:22,(anonymous_5)
FN:26,(anonymous_6)
FN:30,(anonymous_7)
FN:34,(anonymous_8)
FN:38,(anonymous_9)
FN:42,(anonymous_10)
FN:47,(anonymous_11)
FN:51,(anonymous_12)
FN:54,(anonymous_13)
FN:57,(anonymous_14)
FN:60,(anonymous_15)
FN:63,(anonymous_16)
FN:66,(anonymous_17)
FN:69,(anonymous_18)
FN:72,(anonymous_19)
FNF:20
FNH:18
FNDA:1,(anonymous_0)
FNDA:1,(anonymous_1)
FNDA:1,(anonymous_2)
FNDA:24,GithubService
FNDA:1,(anonymous_4)
FNDA:3,(anonymous_5)
FNDA:1,(anonymous_6)
FNDA:3,(anonymous_7)
FNDA:0,(anonymous_8)
FNDA:3,(anonymous_9)
FNDA:3,(anonymous_10)
FNDA:3,(anonymous_11)
FNDA:1,(anonymous_12)
FNDA:3,(anonymous_13)
FNDA:1,(anonymous_14)
FNDA:0,(anonymous_15)
FNDA:3,(anonymous_16)
FNDA:3,(anonymous_17)
FNDA:3,(anonymous_18)
FNDA:3,(anonymous_19)
DA:2,1
DA:3,1
DA:4,1
DA:5,2
DA:6,1
DA:8,1
DA:9,1
DA:11,1
DA:12,1
DA:13,1
DA:14,1
DA:16,24
DA:18,1
DA:19,1
DA:20,1
DA:22,1
DA:23,3
DA:24,3
DA:26,1
DA:27,1
DA:28,1
DA:30,1
DA:31,3
DA:32,3
DA:34,1
DA:35,0
DA:36,0
DA:38,1
DA:39,3
DA:40,3
DA:42,1
DA:43,3
DA:44,3
DA:45,3
DA:47,1
DA:48,3
DA:49,3
DA:51,1
DA:52,1
DA:54,1
DA:55,3
DA:57,1
DA:58,1
DA:60,1
DA:61,0
DA:63,1
DA:64,3
DA:66,1
DA:67,3
DA:69,1
DA:70,3
DA:72,1
DA:73,3
DA:75,1
DA:79,1
DA:81,1
LF:56
LH:53
BRDA:2,0,0,1
BRDA:2,0,1,1
BRDA:2,0,2,1
BRDA:3,1,0,1
BRDA:3,1,1,0
BRDA:3,2,0,0
BRDA:3,2,1,0
BRDA:4,3,0,0
BRDA:4,3,1,1
BRDA:4,4,0,1
BRDA:4,4,1,1
BRDA:5,5,0,2
BRDA:5,5,1,0
BRDA:5,6,0,2
BRDA:5,6,1,1
BRDA:5,7,0,2
BRDA:5,7,1,0
BRDA:5,8,0,0
BRDA:5,8,1,0
BRDA:6,9,0,1
BRDA:6,9,1,0
BRDA:6,9,2,0
BRDA:8,10,0,1
BRDA:8,10,1,1
BRDA:8,10,2,1
BRDA:9,11,0,1
BRDA:9,11,1,0
BRDA:9,12,0,1
BRDA:9,12,1,1
BRF:29
BRH:18
end_of_record
TN:
SF:H:\angular\angular-github-issues\src\apps\github\shared\services\index.ts
FN:2,__export
FNF:1
FNH:1
FNDA:2,__export
DA:3,2
DA:5,1
DA:6,1
DA:7,1
LF:4
LH:4
BRDA:3,0,0,2
BRDA:3,0,1,0
BRF:2
BRH:1
end_of_record
TN:
SF:H:\angular\angular-github-issues\src\apps\github\shared\services\token.interceptor.service.ts
FN:2,(anonymous_0)
FN:8,(anonymous_1)
FN:15,(anonymous_2)
FN:16,TokenInterceptor
FN:21,(anonymous_4)
FN:27,(anonymous_5)
FNF:6
FNH:6
FNDA:1,(anonymous_0)
FNDA:1,(anonymous_1)
FNDA:1,(anonymous_2)
FNDA:9,TokenInterceptor
FNDA:9,(anonymous_4)
FNDA:17,(anonymous_5)
DA:2,1
DA:3,1
DA:4,1
DA:5,2
DA:6,1
DA:8,1
DA:9,1
DA:11,1
DA:12,1
DA:13,1
DA:14,1
DA:15,1
DA:17,9
DA:18,9
DA:19,9
DA:20,9
DA:21,9
DA:22,9
DA:23,0
DA:27,1
DA:28,17
DA:29,0
DA:35,17
DA:37,1
DA:42,1
DA:44,1
LF:26
LH:24
BRDA:2,0,0,1
BRDA:2,0,1,1
BRDA:2,0,2,1
BRDA:3,1,0,1
BRDA:3,1,1,0
BRDA:3,2,0,0
BRDA:3,2,1,0
BRDA:4,3,0,0
BRDA:4,3,1,1
BRDA:4,4,0,1
BRDA:4,4,1,1
BRDA:5,5,0,2
BRDA:5,5,1,0
BRDA:5,6,0,2
BRDA:5,6,1,1
BRDA:5,7,0,2
BRDA:5,7,1,0
BRDA:5,8,0,0
BRDA:5,8,1,0
BRDA:6,9,0,1
BRDA:6,9,1,0
BRDA:6,9,2,0
BRDA:8,10,0,1
BRDA:8,10,1,1
BRDA:8,10,2,1
BRDA:9,11,0,1
BRDA:9,11,1,0
BRDA:9,12,0,1
BRDA:9,12,1,1
BRDA:22,13,0,0
BRDA:22,13,1,9
BRDA:28,14,0,0
BRDA:28,14,1,17
BRF:33
BRH:20
end_of_record
TN:
SF:H:\angular\angular-github-issues\src\apps\github\store\index.ts
FN:2,__export
FNF:1
FNH:1
FNDA:3,__export
DA:3,60
DA:5,1
DA:6,1
DA:7,1
DA:8,1
LF:5
LH:5
BRDA:3,0,0,60
BRDA:3,0,1,0
BRF:2
BRH:1
end_of_record
TN:
SF:H:\angular\angular-github-issues\src\apps\github\store\actions\index.ts
FN:2,__export
FNF:1
FNH:1
FNDA:3,__export
DA:3,43
DA:5,1
DA:6,1
DA:7,1
DA:8,1
LF:5
LH:5
BRDA:3,0,0,43
BRDA:3,0,1,0
BRF:2
BRH:1
end_of_record
TN:
SF:H:\angular\angular-github-issues\src\apps\github\store\actions\issue.action.ts
FN:5,(anonymous_0)
FN:6,LoadAllIssues
FN:13,(anonymous_2)
FN:14,LoadAllIssuesSuccess
FNF:4
FNH:4
FNDA:1,(anonymous_0)
FNDA:1,LoadAllIssues
FNDA:1,(anonymous_2)
FNDA:1,LoadAllIssuesSuccess
DA:2,1
DA:3,1
DA:4,1
DA:5,1
DA:7,1
DA:8,1
DA:10,1
DA:12,1
DA:13,1
DA:15,1
DA:16,1
DA:18,1
DA:20,1
LF:13
LH:13
BRF:0
BRH:0
end_of_record
TN:
SF:H:\angular\angular-github-issues\src\apps\github\store\actions\repo.action.ts
FN:7,(anonymous_0)
FN:8,LoadAllRepos
FN:15,(anonymous_2)
FN:16,LoadAllReposSuccess
FN:23,(anonymous_4)
FN:24,SetCurrentRepoId
FN:31,(anonymous_6)
FN:32,LoadRepoFailure
FNF:8
FNH:7
FNDA:1,(anonymous_0)
FNDA:3,LoadAllRepos
FNDA:1,(anonymous_2)
FNDA:3,LoadAllReposSuccess
FNDA:1,(anonymous_4)
FNDA:4,SetCurrentRepoId
FNDA:1,(anonymous_6)
FNDA:0,LoadRepoFailure
DA:2,1
DA:3,1
DA:4,1
DA:5,1
DA:6,1
DA:7,1
DA:9,3
DA:10,3
DA:12,1
DA:14,1
DA:15,1
DA:17,3
DA:18,3
DA:20,1
DA:22,1
DA:23,1
DA:25,4
DA:26,4
DA:28,1
DA:30,1
DA:31,1
DA:33,0
DA:34,0
DA:36,1
DA:38,1
LF:25
LH:23
BRF:0
BRH:0
end_of_record
TN:
SF:H:\angular\angular-github-issues\src\apps\github\store\actions\user.action.ts
FN:19,(anonymous_0)
FN:20,LoadAllUsers
FN:27,(anonymous_2)
FN:28,LoadAllUsersSuccess
FN:35,(anonymous_4)
FN:36,LoadFullUser
FN:43,(anonymous_6)
FN:44,LoadFullUserSuccess
FN:51,(anonymous_8)
FN:52,LoadUserRepo
FN:59,(anonymous_10)
FN:60,LoadUserRepoSuccess
FN:67,(anonymous_12)
FN:68,LoadUserGist
FN:75,(anonymous_14)
FN:76,LoadUserGistSuccess
FN:83,(anonymous_16)
FN:84,LoadAllFollowers
FN:91,(anonymous_18)
FN:92,LoadAllFollowersSuccess
FN:99,(anonymous_20)
FN:100,LoadAllFollowing
FN:107,(anonymous_22)
FN:108,LoadAllFollowingSuccess
FN:115,(anonymous_24)
FN:116,SetCurrentUserId
FN:123,(anonymous_26)
FN:124,SetCurrentUserIdSuccess
FN:131,(anonymous_28)
FN:132,SetApiToken
FNF:30
FNH:27
FNDA:1,(anonymous_0)
FNDA:1,LoadAllUsers
FNDA:1,(anonymous_2)
FNDA:1,LoadAllUsersSuccess
FNDA:1,(anonymous_4)
FNDA:0,LoadFullUser
FNDA:1,(anonymous_6)
FNDA:0,LoadFullUserSuccess
FNDA:1,(anonymous_8)
FNDA:3,LoadUserRepo
FNDA:1,(anonymous_10)
FNDA:3,LoadUserRepoSuccess
FNDA:1,(anonymous_12)
FNDA:3,LoadUserGist
FNDA:1,(anonymous_14)
FNDA:3,LoadUserGistSuccess
FNDA:1,(anonymous_16)
FNDA:3,LoadAllFollowers
FNDA:1,(anonymous_18)
FNDA:3,LoadAllFollowersSuccess
FNDA:1,(anonymous_20)
FNDA:3,LoadAllFollowing
FNDA:1,(anonymous_22)
FNDA:3,LoadAllFollowingSuccess
FNDA:1,(anonymous_24)
FNDA:2,SetCurrentUserId
FNDA:1,(anonymous_26)
FNDA:2,SetCurrentUserIdSuccess
FNDA:1,(anonymous_28)
FNDA:0,SetApiToken
DA:2,1
DA:3,1
DA:4,1
DA:5,1
DA:6,1
DA:7,1
DA:8,1
DA:9,1
DA:10,1
DA:11,1
DA:12,1
DA:13,1
DA:14,1
DA:15,1
DA:16,1
DA:17,1
DA:18,1
DA:19,1
DA:21,1
DA:22,1
DA:24,1
DA:26,1
DA:27,1
DA:29,1
DA:30,1
DA:32,1
DA:34,1
DA:35,1
DA:37,0
DA:38,0
DA:40,1
DA:42,1
DA:43,1
DA:45,0
DA:46,0
DA:48,1
DA:50,1
DA:51,1
DA:53,3
DA:54,3
DA:56,1
DA:58,1
DA:59,1
DA:61,3
DA:62,3
DA:64,1
DA:66,1
DA:67,1
DA:69,3
DA:70,3
DA:72,1
DA:74,1
DA:75,1
DA:77,3
DA:78,3
DA:80,1
DA:82,1
DA:83,1
DA:85,3
DA:86,3
DA:88,1
DA:90,1
DA:91,1
DA:93,3
DA:94,3
DA:96,1
DA:98,1
DA:99,1
DA:101,3
DA:102,3
DA:104,1
DA:106,1
DA:107,1
DA:109,3
DA:110,3
DA:112,1
DA:114,1
DA:115,1
DA:117,2
DA:118,2
DA:120,1
DA:122,1
DA:123,1
DA:125,2
DA:126,2
DA:128,1
DA:130,1
DA:131,1
DA:133,0
DA:134,0
DA:136,1
DA:138,1
LF:92
LH:86
BRF:0
BRH:0
end_of_record
TN:
SF:H:\angular\angular-github-issues\src\apps\github\store\effects\index.ts
FN:2,__export
FNF:1
FNH:1
FNDA:3,__export
DA:3,3
DA:5,1
DA:6,1
DA:7,1
DA:8,1
LF:5
LH:5
BRDA:3,0,0,3
BRDA:3,0,1,0
BRF:2
BRH:1
end_of_record
TN:
SF:H:\angular\angular-github-issues\src\apps\github\store\effects\issue.effect.ts
FN:2,(anonymous_0)
FN:8,(anonymous_1)
FN:18,(anonymous_2)
FN:19,IssueEffects
FN:24,(anonymous_4)
FN:24,(anonymous_5)
FN:25,(anonymous_6)
FN:32,(anonymous_7)
FNF:8
FNH:8
FNDA:2,(anonymous_0)
FNDA:2,(anonymous_1)
FNDA:1,(anonymous_2)
FNDA:8,IssueEffects
FNDA:1,(anonymous_4)
FNDA:1,(anonymous_5)
FNDA:1,(anonymous_6)
FNDA:1,(anonymous_7)
DA:2,1
DA:3,2
DA:4,2
DA:5,4
DA:6,2
DA:8,1
DA:9,2
DA:11,1
DA:12,1
DA:13,1
DA:14,1
DA:15,1
DA:16,1
DA:17,1
DA:18,1
DA:20,8
DA:21,8
DA:22,8
DA:23,8
DA:24,1
DA:25,1
DA:26,1
DA:32,1
DA:33,1
DA:34,1
DA:35,1
DA:37,1
DA:41,1
DA:45,1
DA:47,1
LF:30
LH:30
BRDA:2,0,0,1
BRDA:2,0,1,1
BRDA:2,0,2,1
BRDA:3,1,0,1
BRDA:3,1,1,1
BRDA:3,2,0,0
BRDA:3,2,1,1
BRDA:4,3,0,0
BRDA:4,3,1,2
BRDA:4,4,0,2
BRDA:4,4,1,2
BRDA:5,5,0,4
BRDA:5,5,1,0
BRDA:5,6,0,4
BRDA:5,6,1,3
BRDA:5,7,0,2
BRDA:5,7,1,2
BRDA:5,8,0,2
BRDA:5,8,1,0
BRDA:6,9,0,2
BRDA:6,9,1,1
BRDA:6,9,2,0
BRDA:8,10,0,1
BRDA:8,10,1,1
BRDA:8,10,2,1
BRDA:9,11,0,2
BRDA:9,11,1,0
BRDA:9,12,0,2
BRDA:9,12,1,2
BRF:29
BRH:23
end_of_record
TN:
SF:H:\angular\angular-github-issues\src\apps\github\store\effects\repo.effect.ts
FN:2,(anonymous_0)
FN:8,(anonymous_1)
FN:18,(anonymous_2)
FN:19,RepoEffects
FN:23,(anonymous_4)
FN:23,(anonymous_5)
FN:24,(anonymous_6)
FN:28,(anonymous_7)
FNF:8
FNH:7
FNDA:2,(anonymous_0)
FNDA:2,(anonymous_1)
FNDA:1,(anonymous_2)
FNDA:8,RepoEffects
FNDA:3,(anonymous_4)
FNDA:3,(anonymous_5)
FNDA:3,(anonymous_6)
FNDA:0,(anonymous_7)
DA:2,1
DA:3,2
DA:4,2
DA:5,4
DA:6,2
DA:8,1
DA:9,2
DA:11,1
DA:12,1
DA:13,1
DA:14,1
DA:15,1
DA:16,1
DA:17,1
DA:18,1
DA:20,8
DA:21,8
DA:22,8
DA:23,8
DA:24,3
DA:25,3
DA:29,0
DA:35,1
DA:39,1
DA:43,1
DA:45,1
LF:26
LH:25
BRDA:2,0,0,1
BRDA:2,0,1,1
BRDA:2,0,2,1
BRDA:3,1,0,1
BRDA:3,1,1,1
BRDA:3,2,0,0
BRDA:3,2,1,1
BRDA:4,3,0,0
BRDA:4,3,1,2
BRDA:4,4,0,2
BRDA:4,4,1,2
BRDA:5,5,0,4
BRDA:5,5,1,0
BRDA:5,6,0,4
BRDA:5,6,1,3
BRDA:5,7,0,2
BRDA:5,7,1,2
BRDA:5,8,0,2
BRDA:5,8,1,0
BRDA:6,9,0,2
BRDA:6,9,1,1
BRDA:6,9,2,0
BRDA:8,10,0,1
BRDA:8,10,1,1
BRDA:8,10,2,1
BRDA:9,11,0,2
BRDA:9,11,1,0
BRDA:9,12,0,2
BRDA:9,12,1,2
BRF:29
BRH:23
end_of_record
TN:
SF:H:\angular\angular-github-issues\src\apps\github\store\effects\user.effect.ts
FN:2,(anonymous_0)
FN:8,(anonymous_1)
FN:18,(anonymous_2)
FN:19,UserEffects
FN:23,(anonymous_4)
FN:23,(anonymous_5)
FN:24,(anonymous_6)
FN:30,(anonymous_7)
FN:30,(anonymous_8)
FN:31,(anonymous_9)
FN:37,(anonymous_10)
FN:37,(anonymous_11)
FN:38,(anonymous_12)
FN:44,(anonymous_13)
FN:44,(anonymous_14)
FN:45,(anonymous_15)
FN:51,(anonymous_16)
FN:51,(anonymous_17)
FN:52,(anonymous_18)
FN:58,(anonymous_19)
FN:58,(anonymous_20)
FN:59,(anonymous_21)
FN:65,(anonymous_22)
FN:65,(anonymous_23)
FNF:24
FNH:21
FNDA:8,(anonymous_0)
FNDA:8,(anonymous_1)
FNDA:1,(anonymous_2)
FNDA:16,UserEffects
FNDA:1,(anonymous_4)
FNDA:1,(anonymous_5)
FNDA:1,(anonymous_6)
FNDA:0,(anonymous_7)
FNDA:0,(anonymous_8)
FNDA:0,(anonymous_9)
FNDA:3,(anonymous_10)
FNDA:3,(anonymous_11)
FNDA:3,(anonymous_12)
FNDA:3,(anonymous_13)
FNDA:3,(anonymous_14)
FNDA:3,(anonymous_15)
FNDA:3,(anonymous_16)
FNDA:3,(anonymous_17)
FNDA:3,(anonymous_18)
FNDA:3,(anonymous_19)
FNDA:3,(anonymous_20)
FNDA:3,(anonymous_21)
FNDA:2,(anonymous_22)
FNDA:2,(anonymous_23)
DA:2,1
DA:3,8
DA:4,8
DA:5,16
DA:6,8
DA:8,1
DA:9,8
DA:11,1
DA:12,1
DA:13,1
DA:14,1
DA:15,1
DA:16,1
DA:17,1
DA:18,1
DA:20,16
DA:21,16
DA:22,16
DA:23,16
DA:24,1
DA:25,1
DA:30,16
DA:31,0
DA:32,0
DA:37,16
DA:38,3
DA:39,3
DA:44,16
DA:45,3
DA:46,3
DA:51,16
DA:52,3
DA:53,3
DA:58,16
DA:59,3
DA:60,3
DA:65,16
DA:66,2
DA:75,1
DA:79,1
DA:83,1
DA:87,1
DA:91,1
DA:95,1
DA:99,1
DA:103,1
DA:107,1
DA:109,1
LF:48
LH:46
BRDA:2,0,0,1
BRDA:2,0,1,1
BRDA:2,0,2,1
BRDA:3,1,0,1
BRDA:3,1,1,7
BRDA:3,2,0,0
BRDA:3,2,1,7
BRDA:4,3,0,0
BRDA:4,3,1,8
BRDA:4,4,0,8
BRDA:4,4,1,8
BRDA:5,5,0,16
BRDA:5,5,1,0
BRDA:5,6,0,16
BRDA:5,6,1,15
BRDA:5,7,0,2
BRDA:5,7,1,14
BRDA:5,8,0,14
BRDA:5,8,1,0
BRDA:6,9,0,8
BRDA:6,9,1,7
BRDA:6,9,2,0
BRDA:8,10,0,1
BRDA:8,10,1,1
BRDA:8,10,2,1
BRDA:9,11,0,8
BRDA:9,11,1,0
BRDA:9,12,0,8
BRDA:9,12,1,8
BRF:29
BRH:23
end_of_record
TN:
SF:H:\angular\angular-github-issues\src\apps\github\store\reducers\index.ts
FN:12,(anonymous_0)
FN:13,(anonymous_1)
FNF:2
FNH:2
FNDA:5,(anonymous_0)
FNDA:51,(anonymous_1)
DA:2,1
DA:3,1
DA:4,1
DA:5,1
DA:6,1
DA:7,1
DA:12,5
DA:13,51
DA:25,1
DA:26,1
DA:27,1
DA:29,1
DA:30,1
DA:31,1
DA:32,1
DA:33,1
DA:34,1
DA:35,1
DA:36,1
LF:19
LH:19
BRF:0
BRH:0
end_of_record
TN:
SF:H:\angular\angular-github-issues\src\apps\github\store\reducers\issue.reducer.ts
FN:2,(anonymous_0)
FN:3,(anonymous_1)
FN:18,(anonymous_2)
FN:27,issueReducer
FNF:4
FNH:3
FNDA:1,(anonymous_0)
FNDA:0,(anonymous_1)
FNDA:100,(anonymous_2)
FNDA:90,issueReducer
DA:2,1
DA:3,1
DA:4,0
DA:5,0
DA:6,0
DA:7,0
DA:9,0
DA:11,1
DA:13,1
DA:14,1
DA:15,1
DA:17,1
DA:18,100
DA:21,1
DA:24,1
DA:28,90
DA:29,90
DA:31,1
DA:34,89
DA:38,1
LF:20
LH:15
BRDA:2,0,0,1
BRDA:2,0,1,1
BRDA:2,0,2,1
BRDA:3,1,0,1
BRDA:3,1,1,0
BRDA:6,2,0,0
BRDA:6,2,1,0
BRDA:28,3,0,24
BRDA:28,3,1,66
BRDA:29,4,0,1
BRDA:29,4,1,89
BRF:11
BRH:8
end_of_record
TN:
SF:H:\angular\angular-github-issues\src\apps\github\store\reducers\repo.reducer.ts
FN:2,(anonymous_0)
FN:3,(anonymous_1)
FN:19,(anonymous_2)
FN:28,repoReducer
FN:51,(anonymous_4)
FN:52,(anonymous_5)
FN:53,(anonymous_6)
FNF:7
FNH:6
FNDA:1,(anonymous_0)
FNDA:0,(anonymous_1)
FNDA:120,(anonymous_2)
FNDA:90,repoReducer
FNDA:4,(anonymous_4)
FNDA:4,(anonymous_5)
FNDA:4,(anonymous_6)
DA:2,1
DA:3,1
DA:4,0
DA:5,0
DA:6,0
DA:7,0
DA:9,0
DA:11,1
DA:13,1
DA:14,1
DA:15,1
DA:16,1
DA:18,1
DA:19,120
DA:22,1
DA:25,1
DA:29,90
DA:30,90
DA:32,4
DA:35,3
DA:38,0
DA:41,83
DA:45,1
DA:51,4
DA:52,4
DA:53,1
DA:54,4
LF:27
LH:21
BRDA:2,0,0,1
BRDA:2,0,1,1
BRDA:2,0,2,1
BRDA:3,1,0,1
BRDA:3,1,1,0
BRDA:6,2,0,0
BRDA:6,2,1,0
BRDA:29,3,0,24
BRDA:29,3,1,66
BRDA:30,4,0,4
BRDA:30,4,1,3
BRDA:30,4,2,0
BRDA:30,4,3,83
BRF:13
BRH:9
end_of_record
TN:
SF:H:\angular\angular-github-issues\src\apps\github\store\reducers\user.reducer.ts
FN:2,(anonymous_0)
FN:3,(anonymous_1)
FN:25,userReducer
FN:58,(anonymous_3)
FN:59,(anonymous_4)
FN:60,(anonymous_5)
FN:61,(anonymous_6)
FN:62,(anonymous_7)
FN:63,(anonymous_8)
FN:64,(anonymous_9)
FN:65,(anonymous_10)
FNF:11
FNH:8
FNDA:1,(anonymous_0)
FNDA:0,(anonymous_1)
FNDA:90,userReducer
FNDA:8,(anonymous_3)
FNDA:2,(anonymous_4)
FNDA:2,(anonymous_5)
FNDA:0,(anonymous_6)
FNDA:2,(anonymous_7)
FNDA:2,(anonymous_8)
FNDA:19,(anonymous_9)
FNDA:0,(anonymous_10)
DA:2,1
DA:3,1
DA:4,0
DA:5,0
DA:6,0
DA:7,0
DA:9,0
DA:11,1
DA:13,1
DA:14,1
DA:15,1
DA:26,90
DA:27,90
DA:29,2
DA:32,0
DA:35,1
DA:38,0
DA:41,3
DA:44,3
DA:47,3
DA:50,3
DA:53,75
DA:57,1
DA:58,8
DA:59,2
DA:60,2
DA:61,1
DA:62,2
DA:63,2
DA:64,19
DA:65,1
LF:31
LH:24
BRDA:2,0,0,1
BRDA:2,0,1,1
BRDA:2,0,2,1
BRDA:3,1,0,1
BRDA:3,1,1,0
BRDA:6,2,0,0
BRDA:6,2,1,0
BRDA:26,3,0,24
BRDA:26,3,1,66
BRDA:27,4,0,2
BRDA:27,4,1,0
BRDA:27,4,2,1
BRDA:27,4,3,0
BRDA:27,4,4,3
BRDA:27,4,5,3
BRDA:27,4,6,3
BRDA:27,4,7,3
BRDA:27,4,8,75
BRF:18
BRH:13
end_of_record
TN:
SF:H:\angular\angular-github-issues\src\apps\jobs\index.ts
FN:2,__export
FNF:1
FNH:1
FNDA:2,__export
DA:3,2
DA:5,1
DA:6,1
DA:7,1
LF:4
LH:4
BRDA:3,0,0,2
BRDA:3,0,1,0
BRF:2
BRH:1
end_of_record
TN:
SF:H:\angular\angular-github-issues\src\apps\jobs\components\index.ts
FN:2,__export
FNF:1
FNH:1
FNDA:1,__export
DA:3,1
DA:5,1
DA:6,1
LF:3
LH:3
BRDA:3,0,0,1
BRDA:3,0,1,0
BRF:2
BRH:1
end_of_record
TN:
SF:H:\angular\angular-github-issues\src\apps\jobs\components\job-listing\index.ts
FN:2,__export
FNF:1
FNH:1
FNDA:1,__export
DA:3,1
DA:5,1
DA:6,1
LF:3
LH:3
BRDA:3,0,0,1
BRDA:3,0,1,0
BRF:2
BRH:1
end_of_record
TN:
SF:H:\angular\angular-github-issues\src\apps\jobs\components\job-listing\job-listing.component.ts
FN:2,(anonymous_0)
FN:8,(anonymous_1)
FN:16,(anonymous_2)
FN:17,JobListingComponent
FN:24,(anonymous_4)
FNF:5
FNH:4
FNDA:1,(anonymous_0)
FNDA:1,(anonymous_1)
FNDA:1,(anonymous_2)
FNDA:1,JobListingComponent
FNDA:0,(anonymous_4)
DA:2,1
DA:3,1
DA:4,1
DA:5,2
DA:6,1
DA:8,1
DA:9,1
DA:11,1
DA:12,1
DA:13,1
DA:14,1
DA:15,1
DA:16,1
DA:18,1
DA:19,1
DA:21,1
DA:22,1
DA:24,1
DA:27,1
DA:35,1
DA:37,1
LF:21
LH:21
BRDA:2,0,0,1
BRDA:2,0,1,1
BRDA:2,0,2,1
BRDA:3,1,0,1
BRDA:3,1,1,0
BRDA:3,2,0,0
BRDA:3,2,1,0
BRDA:4,3,0,0
BRDA:4,3,1,1
BRDA:4,4,0,1
BRDA:4,4,1,1
BRDA:5,5,0,2
BRDA:5,5,1,0
BRDA:5,6,0,2
BRDA:5,6,1,1
BRDA:5,7,0,2
BRDA:5,7,1,0
BRDA:5,8,0,0
BRDA:5,8,1,0
BRDA:6,9,0,1
BRDA:6,9,1,0
BRDA:6,9,2,0
BRDA:8,10,0,1
BRDA:8,10,1,1
BRDA:8,10,2,1
BRDA:9,11,0,1
BRDA:9,11,1,0
BRDA:9,12,0,1
BRDA:9,12,1,1
BRF:29
BRH:18
end_of_record
TN:
SF:H:\angular\angular-github-issues\src\apps\jobs\containers\index.ts
FN:2,__export
FNF:1
FNH:1
FNDA:1,__export
DA:3,1
DA:5,1
DA:6,1
LF:3
LH:3
BRDA:3,0,0,1
BRDA:3,0,1,0
BRF:2
BRH:1
end_of_record
TN:
SF:H:\angular\angular-github-issues\src\apps\jobs\containers\job-search\index.ts
FN:2,__export
FNF:1
FNH:1
FNDA:1,__export
DA:3,1
DA:5,1
DA:6,1
LF:3
LH:3
BRDA:3,0,0,1
BRDA:3,0,1,0
BRF:2
BRH:1
end_of_record
TN:
SF:H:\angular\angular-github-issues\src\apps\jobs\containers\job-search\search.component.ts
FN:2,(anonymous_0)
FN:8,(anonymous_1)
FN:16,(anonymous_2)
FN:17,SearchComponent
FN:24,(anonymous_4)
FNF:5
FNH:4
FNDA:1,(anonymous_0)
FNDA:1,(anonymous_1)
FNDA:1,(anonymous_2)
FNDA:1,SearchComponent
FNDA:0,(anonymous_4)
DA:2,1
DA:3,1
DA:4,1
DA:5,2
DA:6,1
DA:8,1
DA:9,1
DA:11,1
DA:12,1
DA:13,1
DA:14,1
DA:15,1
DA:16,1
DA:18,1
DA:19,1
DA:21,1
DA:22,1
DA:24,1
DA:27,1
DA:35,1
DA:37,1
LF:21
LH:21
BRDA:2,0,0,1
BRDA:2,0,1,1
BRDA:2,0,2,1
BRDA:3,1,0,1
BRDA:3,1,1,0
BRDA:3,2,0,0
BRDA:3,2,1,0
BRDA:4,3,0,0
BRDA:4,3,1,1
BRDA:4,4,0,1
BRDA:4,4,1,1
BRDA:5,5,0,2
BRDA:5,5,1,0
BRDA:5,6,0,2
BRDA:5,6,1,1
BRDA:5,7,0,2
BRDA:5,7,1,0
BRDA:5,8,0,0
BRDA:5,8,1,0
BRDA:6,9,0,1
BRDA:6,9,1,0
BRDA:6,9,2,0
BRDA:8,10,0,1
BRDA:8,10,1,1
BRDA:8,10,2,1
BRDA:9,11,0,1
BRDA:9,11,1,0
BRDA:9,12,0,1
BRDA:9,12,1,1
BRF:29
BRH:18
end_of_record
