TN:
SF:H:/angular/angular-github-issues/src/polyfills.ts
FNF:0
FNH:0
DA:22,1
DA:23,1
DA:24,1
DA:25,1
DA:26,1
DA:27,1
DA:28,1
DA:29,1
DA:30,1
DA:31,1
DA:32,1
DA:33,1
DA:34,1
DA:44,1
DA:45,1
DA:56,1
LF:16
LH:16
BRF:0
BRH:0
end_of_record
TN:
SF:H:/angular/angular-github-issues/src/test.ts
FNF:0
FNH:0
DA:3,1
DA:4,1
DA:5,1
DA:13,1
DA:18,1
DA:20,1
LF:6
LH:6
BRF:0
BRH:0
end_of_record
TN:
SF:H:/angular/angular-github-issues/src/apps/app.component.ts
FN:14,(anonymous_2)
FN:20,AppComponent
FN:25,(anonymous_4)
FN:31,(anonymous_5)
FN:32,(anonymous_6)
FN:40,(anonymous_7)
FN:45,(anonymous_8)
FNF:7
FNH:4
FNDA:1,(anonymous_2)
FNDA:1,AppComponent
FNDA:0,(anonymous_4)
FNDA:1,(anonymous_5)
FNDA:1,(anonymous_6)
FNDA:0,(anonymous_7)
FNDA:0,(anonymous_8)
DA:1,1
DA:2,1
DA:3,1
DA:4,1
DA:5,1
DA:6,1
DA:14,1
DA:15,1
DA:17,1
DA:21,1
DA:22,1
DA:24,1
DA:25,1
DA:26,1
DA:28,1
DA:31,1
DA:32,1
DA:33,1
DA:36,1
DA:38,0
DA:41,0
DA:45,1
DA:46,0
DA:47,0
DA:48,0
DA:51,1
LF:26
LH:21
BRDA:33,0,0,0
BRDA:33,0,1,1
BRDA:36,1,0,0
BRDA:36,1,1,1
BRDA:46,2,0,0
BRDA:46,2,1,0
BRF:6
BRH:2
end_of_record
TN:
SF:H:/angular/angular-github-issues/src/apps/app.routes.ts
FN:25,(anonymous_1)
FNF:1
FNH:1
FNDA:2,(anonymous_1)
DA:1,1
DA:2,1
DA:4,1
DA:25,1
LF:4
LH:4
BRF:0
BRH:0
end_of_record
TN:
SF:H:/angular/angular-github-issues/src/apps/core/core.module.ts
FN:81,(anonymous_1)
FN:82,(anonymous_3)
FNF:2
FNH:2
FNDA:26,(anonymous_1)
FNDA:23,(anonymous_3)
DA:1,1
DA:2,1
DA:3,1
DA:37,1
DA:81,1
DA:82,1
DA:83,23
DA:88,1
LF:8
LH:8
BRF:0
BRH:0
end_of_record
TN:
SF:H:/angular/angular-github-issues/src/apps/core/index.ts
FNF:0
FNH:0
DA:1,1
DA:2,1
LF:2
LH:2
BRF:0
BRH:0
end_of_record
TN:
SF:H:/angular/angular-github-issues/src/apps/core/components/index.ts
FNF:0
FNH:0
DA:1,1
DA:2,1
LF:2
LH:2
BRF:0
BRH:0
end_of_record
TN:
SF:H:/angular/angular-github-issues/src/apps/core/components/not-found/index.ts
FNF:0
FNH:0
DA:1,1
DA:2,1
LF:2
LH:2
BRF:0
BRH:0
end_of_record
TN:
SF:H:/angular/angular-github-issues/src/apps/core/components/not-found/not-found.component.ts
FN:8,(anonymous_1)
FNF:1
FNH:1
FNDA:1,(anonymous_1)
DA:1,1
DA:8,1
DA:9,1
LF:3
LH:3
BRF:0
BRH:0
end_of_record
TN:
SF:H:/angular/angular-github-issues/src/apps/core/components/not-found/not-found.module.ts
FN:9,(anonymous_1)
FNF:1
FNH:1
FNDA:26,(anonymous_1)
DA:1,1
DA:2,1
DA:3,1
DA:9,1
DA:10,1
LF:5
LH:5
BRF:0
BRH:0
end_of_record
TN:
SF:H:/angular/angular-github-issues/src/apps/core/components/spinner/index.ts
FNF:0
FNH:0
DA:1,1
DA:2,1
LF:2
LH:2
BRF:0
BRH:0
end_of_record
TN:
SF:H:/angular/angular-github-issues/src/apps/core/components/spinner/spinner.component.ts
FN:8,(anonymous_1)
FNF:1
FNH:1
FNDA:2,(anonymous_1)
DA:1,1
DA:8,1
DA:9,1
LF:3
LH:3
BRF:0
BRH:0
end_of_record
TN:
SF:H:/angular/angular-github-issues/src/apps/core/components/spinner/spinner.module.ts
FN:8,(anonymous_1)
FNF:1
FNH:1
FNDA:26,(anonymous_1)
DA:1,1
DA:2,1
DA:8,1
DA:9,1
LF:4
LH:4
BRF:0
BRH:0
end_of_record
TN:
SF:H:/angular/angular-github-issues/src/apps/github/index.ts
FNF:0
FNH:0
DA:1,1
DA:2,1
DA:3,1
DA:4,1
LF:4
LH:4
BRF:0
BRH:0
end_of_record
TN:
SF:H:/angular/angular-github-issues/src/apps/github/components/index.ts
FNF:0
FNH:0
DA:1,1
DA:2,1
LF:2
LH:2
BRF:0
BRH:0
end_of_record
TN:
SF:H:/angular/angular-github-issues/src/apps/github/components/sub-navigation/index.ts
FNF:0
FNH:0
DA:1,1
LF:1
LH:1
BRF:0
BRH:0
end_of_record
TN:
SF:H:/angular/angular-github-issues/src/apps/github/components/sub-navigation/sub-navigation.component.ts
FN:13,(anonymous_2)
FN:17,SubNavigationComponent
FN:19,(anonymous_4)
FN:29,(anonymous_5)
FNF:4
FNH:4
FNDA:1,(anonymous_2)
FNDA:9,SubNavigationComponent
FNDA:9,(anonymous_4)
FNDA:17,(anonymous_5)
DA:1,1
DA:3,1
DA:4,1
DA:5,1
DA:13,1
DA:15,9
DA:17,9
DA:18,9
DA:19,9
DA:20,9
DA:21,0
DA:23,0
DA:27,9
DA:30,17
DA:32,0
DA:33,0
DA:34,0
DA:39,1
LF:18
LH:13
BRDA:20,0,0,0
BRDA:20,0,1,9
BRDA:31,1,0,0
BRDA:31,1,1,17
BRF:4
BRH:2
end_of_record
TN:
SF:H:/angular/angular-github-issues/src/apps/github/components/user-collection/index.ts
FNF:0
FNH:0
DA:1,1
LF:1
LH:1
BRF:0
BRH:0
end_of_record
TN:
SF:H:/angular/angular-github-issues/src/apps/github/components/user-collection/user-collection.component.ts
FN:11,(anonymous_2)
FN:14,UserSearchCollectionComponent
FN:17,(anonymous_4)
FNF:3
FNH:2
FNDA:1,(anonymous_2)
FNDA:6,UserSearchCollectionComponent
FNDA:0,(anonymous_4)
DA:1,1
DA:3,1
DA:4,1
DA:11,1
DA:12,1
DA:14,6
DA:15,6
DA:17,1
DA:18,0
DA:20,1
LF:10
LH:9
BRF:0
BRH:0
end_of_record
TN:
SF:H:/angular/angular-github-issues/src/apps/github/containers/index.ts
FNF:0
FNH:0
DA:1,1
DA:2,1
DA:3,1
DA:4,1
DA:5,1
DA:6,1
DA:7,1
DA:8,1
LF:8
LH:8
BRF:0
BRH:0
end_of_record
TN:
SF:H:/angular/angular-github-issues/src/apps/github/containers/auth/auth.component.ts
FN:13,(anonymous_2)
FN:19,UserAuthComponent
FN:24,(anonymous_4)
FN:36,(anonymous_5)
FNF:4
FNH:3
FNDA:1,(anonymous_2)
FNDA:1,UserAuthComponent
FNDA:1,(anonymous_4)
FNDA:0,(anonymous_5)
DA:1,1
DA:2,1
DA:3,1
DA:4,1
DA:5,1
DA:13,1
DA:15,1
DA:16,1
DA:17,1
DA:19,1
DA:20,1
DA:21,1
DA:22,1
DA:24,1
DA:25,1
DA:27,0
DA:28,0
DA:30,1
DA:32,0
DA:33,0
DA:34,0
DA:37,0
DA:43,1
LF:23
LH:17
BRDA:25,0,0,0
BRDA:25,0,1,1
BRDA:30,1,0,0
BRDA:30,1,1,1
BRF:4
BRH:2
end_of_record
TN:
SF:H:/angular/angular-github-issues/src/apps/github/containers/auth/index.ts
FNF:0
FNH:0
DA:1,1
DA:2,1
DA:3,1
DA:4,1
DA:5,1
LF:5
LH:5
BRF:0
BRH:0
end_of_record
TN:
SF:H:/angular/angular-github-issues/src/apps/github/containers/auth/facebook/auth-facebook.componnet.ts
FN:9,(anonymous_2)
FN:15,UserAuthFacebookComponent
FN:18,(anonymous_4)
FNF:3
FNH:2
FNDA:1,(anonymous_2)
FNDA:2,UserAuthFacebookComponent
FNDA:0,(anonymous_4)
DA:1,1
DA:2,1
DA:9,1
DA:11,2
DA:12,2
DA:13,2
DA:18,1
DA:19,0
DA:22,1
LF:9
LH:8
BRF:0
BRH:0
end_of_record
TN:
SF:H:/angular/angular-github-issues/src/apps/github/containers/auth/facebook/index.ts
FNF:0
FNH:0
DA:1,1
LF:1
LH:1
BRF:0
BRH:0
end_of_record
TN:
SF:H:/angular/angular-github-issues/src/apps/github/containers/auth/github/auth-github.componnet.ts
FN:9,(anonymous_2)
FN:15,UserAuthGithubComponent
FN:18,(anonymous_4)
FNF:3
FNH:2
FNDA:1,(anonymous_2)
FNDA:2,UserAuthGithubComponent
FNDA:0,(anonymous_4)
DA:1,1
DA:2,1
DA:9,1
DA:11,2
DA:12,2
DA:13,2
DA:18,1
DA:19,0
DA:22,1
LF:9
LH:8
BRF:0
BRH:0
end_of_record
TN:
SF:H:/angular/angular-github-issues/src/apps/github/containers/auth/github/index.ts
FNF:0
FNH:0
DA:1,1
LF:1
LH:1
BRF:0
BRH:0
end_of_record
TN:
SF:H:/angular/angular-github-issues/src/apps/github/containers/auth/google/auth-google.componnet.ts
FN:9,(anonymous_2)
FN:15,UserAuthGoogleComponent
FN:18,(anonymous_4)
FNF:3
FNH:2
FNDA:1,(anonymous_2)
FNDA:2,UserAuthGoogleComponent
FNDA:0,(anonymous_4)
DA:1,1
DA:2,1
DA:9,1
DA:11,2
DA:12,2
DA:13,2
DA:18,1
DA:19,0
DA:22,1
LF:9
LH:8
BRF:0
BRH:0
end_of_record
TN:
SF:H:/angular/angular-github-issues/src/apps/github/containers/auth/google/index.ts
FNF:0
FNH:0
DA:1,1
LF:1
LH:1
BRF:0
BRH:0
end_of_record
TN:
SF:H:/angular/angular-github-issues/src/apps/github/containers/auth/success/auth-success.componnet.ts
FN:13,(anonymous_2)
FN:17,UserAuthSuccessComponent
FN:22,(anonymous_4)
FN:23,(anonymous_5)
FN:29,(anonymous_6)
FNF:5
FNH:2
FNDA:1,(anonymous_2)
FNDA:1,UserAuthSuccessComponent
FNDA:0,(anonymous_4)
FNDA:0,(anonymous_5)
FNDA:0,(anonymous_6)
DA:1,1
DA:2,1
DA:3,1
DA:4,1
DA:5,1
DA:13,1
DA:15,1
DA:16,1
DA:17,1
DA:18,1
DA:19,1
DA:22,1
DA:23,0
DA:25,0
DA:26,0
DA:27,0
DA:28,0
DA:30,0
DA:34,1
LF:19
LH:13
BRF:0
BRH:0
end_of_record
TN:
SF:H:/angular/angular-github-issues/src/apps/github/containers/auth/success/index.ts
FNF:0
FNH:0
DA:1,1
LF:1
LH:1
BRF:0
BRH:0
end_of_record
TN:
SF:H:/angular/angular-github-issues/src/apps/github/containers/repo-issues/index.ts
FNF:0
FNH:0
DA:1,1
DA:2,1
LF:2
LH:2
BRF:0
BRH:0
end_of_record
TN:
SF:H:/angular/angular-github-issues/src/apps/github/containers/repo-issues/repo-issues.component.ts
FN:15,(anonymous_2)
FN:24,RepoIssuesComponent
FN:30,(anonymous_4)
FN:31,(anonymous_5)
FN:46,(anonymous_6)
FN:47,(anonymous_7)
FNF:6
FNH:6
FNDA:1,(anonymous_2)
FNDA:2,RepoIssuesComponent
FNDA:7,(anonymous_4)
FNDA:1,(anonymous_5)
FNDA:1,(anonymous_6)
FNDA:2,(anonymous_7)
DA:2,1
DA:3,1
DA:4,1
DA:5,1
DA:6,1
DA:15,1
DA:17,2
DA:18,2
DA:24,2
DA:25,2
DA:26,2
DA:28,2
DA:30,7
DA:32,1
DA:34,1
DA:35,0
DA:37,1
DA:39,1
DA:46,1
DA:47,1
DA:48,2
DA:49,1
DA:53,1
LF:23
LH:22
BRDA:33,0,0,1
BRDA:33,0,1,0
BRDA:34,1,0,0
BRDA:34,1,1,1
BRDA:48,2,0,1
BRDA:48,2,1,1
BRF:6
BRH:4
end_of_record
TN:
SF:H:/angular/angular-github-issues/src/apps/github/containers/repo-issues/issue-collection/index.ts
FNF:0
FNH:0
DA:1,1
LF:1
LH:1
BRF:0
BRH:0
end_of_record
TN:
SF:H:/angular/angular-github-issues/src/apps/github/containers/repo-issues/issue-collection/issue-collection.component.ts
FN:14,(anonymous_2)
FN:17,IssueCollectionComponent
FN:22,(anonymous_4)
FNF:3
FNH:2
FNDA:1,(anonymous_2)
FNDA:2,IssueCollectionComponent
FNDA:0,(anonymous_4)
DA:1,1
DA:4,1
DA:5,1
DA:14,1
DA:15,1
DA:18,2
DA:19,2
DA:22,1
DA:23,0
DA:25,1
LF:10
LH:9
BRF:0
BRH:0
end_of_record
TN:
SF:H:/angular/angular-github-issues/src/apps/github/containers/repo-search/index.ts
FNF:0
FNH:0
DA:1,1
DA:2,1
DA:3,1
LF:3
LH:3
BRF:0
BRH:0
end_of_record
TN:
SF:H:/angular/angular-github-issues/src/apps/github/containers/repo-search/search.component.ts
FN:14,(anonymous_2)
FN:20,RepoSearchComponent
FN:27,(anonymous_4)
FN:45,(anonymous_5)
FN:49,(anonymous_6)
FNF:5
FNH:5
FNDA:1,(anonymous_2)
FNDA:2,RepoSearchComponent
FNDA:6,(anonymous_4)
FNDA:2,(anonymous_5)
FNDA:1,(anonymous_6)
DA:1,1
DA:2,1
DA:3,1
DA:4,1
DA:5,1
DA:14,1
DA:16,2
DA:17,2
DA:18,2
DA:19,2
DA:20,2
DA:21,2
DA:22,2
DA:23,2
DA:25,2
DA:28,6
DA:30,1
DA:31,1
DA:32,1
DA:34,0
DA:35,0
DA:38,0
DA:45,1
DA:46,2
DA:49,1
DA:50,1
DA:51,1
DA:52,1
DA:55,1
LF:29
LH:26
BRDA:29,0,0,1
BRDA:29,0,1,0
BRDA:29,0,2,5
BRDA:50,1,0,1
BRDA:50,1,1,0
BRF:5
BRH:3
end_of_record
TN:
SF:H:/angular/angular-github-issues/src/apps/github/containers/repo-search/chart/chart.component.ts
FN:8,(anonymous_2)
FN:4,ChartComponent
FN:33,(anonymous_4)
FNF:3
FNH:3
FNDA:1,(anonymous_2)
FNDA:41,ChartComponent
FNDA:40,(anonymous_4)
DA:1,1
DA:8,1
DA:9,1
DA:11,41
DA:12,41
DA:13,41
DA:25,41
DA:30,41
DA:31,41
DA:33,1
DA:34,40
DA:45,1
LF:12
LH:12
BRF:0
BRH:0
end_of_record
TN:
SF:H:/angular/angular-github-issues/src/apps/github/containers/repo-search/chart/index.ts
FNF:0
FNH:0
DA:1,1
LF:1
LH:1
BRF:0
BRH:0
end_of_record
TN:
SF:H:/angular/angular-github-issues/src/apps/github/containers/repo-search/search-collection/index.ts
FNF:0
FNH:0
DA:1,1
LF:1
LH:1
BRF:0
BRH:0
end_of_record
TN:
SF:H:/angular/angular-github-issues/src/apps/github/containers/repo-search/search-collection/search-collection.component.ts
FN:13,(anonymous_2)
FN:16,SearchCollectionComponent
FN:18,(anonymous_4)
FNF:3
FNH:3
FNDA:1,(anonymous_2)
FNDA:4,SearchCollectionComponent
FNDA:1,(anonymous_4)
DA:1,1
DA:3,1
DA:4,1
DA:13,1
DA:14,1
DA:16,4
DA:18,1
DA:19,1
DA:21,1
LF:9
LH:9
BRF:0
BRH:0
end_of_record
TN:
SF:H:/angular/angular-github-issues/src/apps/github/containers/user-followers/follower.component.ts
FN:10,(anonymous_2)
FN:15,UserFollowerComponent
FN:20,(anonymous_4)
FN:33,(anonymous_5)
FN:34,(anonymous_6)
FNF:5
FNH:5
FNDA:1,(anonymous_2)
FNDA:2,UserFollowerComponent
FNDA:4,(anonymous_4)
FNDA:2,(anonymous_5)
FNDA:3,(anonymous_6)
DA:1,1
DA:2,1
DA:3,1
DA:10,1
DA:13,2
DA:15,2
DA:16,2
DA:17,2
DA:18,2
DA:21,4
DA:23,0
DA:24,0
DA:26,1
DA:27,1
DA:33,2
DA:34,2
DA:35,3
DA:36,1
DA:41,1
LF:19
LH:17
BRDA:22,0,0,0
BRDA:22,0,1,1
BRDA:22,0,2,3
BRDA:35,1,0,1
BRDA:35,1,1,2
BRF:5
BRH:4
end_of_record
TN:
SF:H:/angular/angular-github-issues/src/apps/github/containers/user-followers/index.ts
FNF:0
FNH:0
DA:1,1
LF:1
LH:1
BRF:0
BRH:0
end_of_record
TN:
SF:H:/angular/angular-github-issues/src/apps/github/containers/user-following/following.component.ts
FN:10,(anonymous_2)
FN:14,UserFollowingComponent
FN:20,(anonymous_4)
FN:33,(anonymous_5)
FN:34,(anonymous_6)
FNF:5
FNH:5
FNDA:1,(anonymous_2)
FNDA:2,UserFollowingComponent
FNDA:4,(anonymous_4)
FNDA:2,(anonymous_5)
FNDA:3,(anonymous_6)
DA:1,1
DA:2,1
DA:3,1
DA:10,1
DA:13,2
DA:14,2
DA:15,2
DA:16,2
DA:18,2
DA:21,4
DA:23,0
DA:24,0
DA:26,1
DA:27,1
DA:33,2
DA:34,2
DA:35,3
DA:36,1
DA:41,1
LF:19
LH:17
BRDA:22,0,0,0
BRDA:22,0,1,1
BRDA:22,0,2,3
BRDA:35,1,0,1
BRDA:35,1,1,2
BRF:5
BRH:4
end_of_record
TN:
SF:H:/angular/angular-github-issues/src/apps/github/containers/user-following/index.ts
FNF:0
FNH:0
DA:1,1
LF:1
LH:1
BRF:0
BRH:0
end_of_record
TN:
SF:H:/angular/angular-github-issues/src/apps/github/containers/user-gists/index.ts
FNF:0
FNH:0
DA:1,1
LF:1
LH:1
BRF:0
BRH:0
end_of_record
TN:
SF:H:/angular/angular-github-issues/src/apps/github/containers/user-gists/user-gists.component.ts
FN:11,(anonymous_2)
FN:15,UserGistsComponent
FN:21,(anonymous_4)
FN:30,(anonymous_5)
FN:31,(anonymous_6)
FNF:5
FNH:5
FNDA:1,(anonymous_2)
FNDA:2,UserGistsComponent
FNDA:4,(anonymous_4)
FNDA:2,(anonymous_5)
FNDA:3,(anonymous_6)
DA:1,1
DA:2,1
DA:3,1
DA:11,1
DA:16,2
DA:17,2
DA:19,2
DA:22,4
DA:24,0
DA:30,2
DA:31,2
DA:32,3
DA:33,1
DA:39,1
LF:14
LH:13
BRDA:23,0,0,0
BRDA:23,0,1,4
BRDA:32,1,0,1
BRDA:32,1,1,2
BRF:4
BRH:3
end_of_record
TN:
SF:H:/angular/angular-github-issues/src/apps/github/containers/user-repos/index.ts
FNF:0
FNH:0
DA:1,1
LF:1
LH:1
BRF:0
BRH:0
end_of_record
TN:
SF:H:/angular/angular-github-issues/src/apps/github/containers/user-repos/user-repos.component.ts
FN:12,(anonymous_2)
FN:19,UserReposComponent
FN:25,(anonymous_4)
FN:34,(anonymous_5)
FN:35,(anonymous_6)
FN:47,(anonymous_7)
FNF:6
FNH:6
FNDA:1,(anonymous_2)
FNDA:2,UserReposComponent
FNDA:4,(anonymous_4)
FNDA:2,(anonymous_5)
FNDA:3,(anonymous_6)
FNDA:2,(anonymous_7)
DA:1,1
DA:2,1
DA:3,1
DA:5,1
DA:12,1
DA:13,1
DA:15,2
DA:16,2
DA:20,2
DA:21,2
DA:23,2
DA:26,4
DA:28,1
DA:34,2
DA:35,2
DA:36,3
DA:37,1
DA:38,1
DA:47,1
DA:48,2
DA:50,1
LF:21
LH:21
BRDA:27,0,0,1
BRDA:27,0,1,3
BRDA:36,1,0,1
BRDA:36,1,1,2
BRF:4
BRH:4
end_of_record
TN:
SF:H:/angular/angular-github-issues/src/apps/github/containers/user-search/index.ts
FNF:0
FNH:0
DA:1,1
LF:1
LH:1
BRF:0
BRH:0
end_of_record
TN:
SF:H:/angular/angular-github-issues/src/apps/github/containers/user-search/user-search.component.ts
FN:14,(anonymous_2)
FN:20,UserSearchComponent
FN:27,(anonymous_4)
FN:39,(anonymous_5)
FN:43,(anonymous_6)
FNF:5
FNH:5
FNDA:1,(anonymous_2)
FNDA:2,UserSearchComponent
FNDA:24,(anonymous_4)
FNDA:2,(anonymous_5)
FNDA:1,(anonymous_6)
DA:1,1
DA:2,1
DA:3,1
DA:4,1
DA:5,1
DA:14,1
DA:16,2
DA:17,2
DA:18,2
DA:19,2
DA:20,2
DA:21,2
DA:22,2
DA:23,2
DA:25,2
DA:28,24
DA:30,1
DA:31,1
DA:32,1
DA:39,1
DA:40,2
DA:43,1
DA:44,1
DA:45,1
DA:46,1
DA:50,1
LF:26
LH:26
BRDA:29,0,0,1
BRDA:29,0,1,23
BRDA:44,1,0,1
BRDA:44,1,1,0
BRF:4
BRH:3
end_of_record
TN:
SF:H:/angular/angular-github-issues/src/apps/github/shared/index.ts
FNF:0
FNH:0
DA:2,1
DA:3,1
DA:4,1
DA:5,1
DA:6,1
DA:7,1
DA:9,1
DA:10,1
DA:12,1
DA:14,1
LF:10
LH:10
BRF:0
BRH:0
end_of_record
TN:
SF:H:/angular/angular-github-issues/src/apps/github/shared/shared.module.ts
FN:7,(anonymous_1)
FN:8,(anonymous_3)
FNF:2
FNH:2
FNDA:26,(anonymous_1)
FNDA:23,(anonymous_3)
DA:1,1
DA:2,1
DA:3,1
DA:7,1
DA:8,1
DA:9,23
DA:20,1
LF:7
LH:7
BRF:0
BRH:0
end_of_record
TN:
SF:H:/angular/angular-github-issues/src/apps/github/shared/shared.testing.module.ts
FN:21,(anonymous_1)
FN:22,(anonymous_3)
FNF:2
FNH:2
FNDA:25,(anonymous_1)
FNDA:22,(anonymous_3)
DA:1,1
DA:2,1
DA:3,1
DA:4,1
DA:21,1
DA:22,1
DA:23,22
DA:28,1
LF:8
LH:8
BRF:0
BRH:0
end_of_record
TN:
SF:H:/angular/angular-github-issues/src/apps/github/shared/services/github.service.ts
FN:9,(anonymous_2)
FN:11,GithubService
FN:13,(anonymous_4)
FN:18,(anonymous_5)
FN:23,(anonymous_6)
FN:28,(anonymous_7)
FN:33,(anonymous_8)
FN:37,(anonymous_9)
FN:41,(anonymous_10)
FN:46,(anonymous_11)
FN:51,(anonymous_12)
FN:54,(anonymous_13)
FN:58,(anonymous_14)
FN:61,(anonymous_15)
FN:64,(anonymous_16)
FN:67,(anonymous_17)
FN:70,(anonymous_18)
FN:73,(anonymous_19)
FNF:18
FNH:16
FNDA:1,(anonymous_2)
FNDA:24,GithubService
FNDA:1,(anonymous_4)
FNDA:3,(anonymous_5)
FNDA:1,(anonymous_6)
FNDA:3,(anonymous_7)
FNDA:0,(anonymous_8)
FNDA:3,(anonymous_9)
FNDA:3,(anonymous_10)
FNDA:3,(anonymous_11)
FNDA:1,(anonymous_12)
FNDA:3,(anonymous_13)
FNDA:1,(anonymous_14)
FNDA:0,(anonymous_15)
FNDA:3,(anonymous_16)
FNDA:3,(anonymous_17)
FNDA:3,(anonymous_18)
FNDA:3,(anonymous_19)
DA:1,1
DA:2,1
DA:9,1
DA:11,24
DA:13,1
DA:14,1
DA:15,1
DA:18,1
DA:19,3
DA:20,3
DA:23,1
DA:24,1
DA:25,1
DA:28,1
DA:29,3
DA:30,3
DA:33,1
DA:34,0
DA:35,0
DA:37,1
DA:38,3
DA:39,3
DA:41,1
DA:42,3
DA:43,3
DA:44,3
DA:46,1
DA:47,3
DA:48,3
DA:51,1
DA:52,1
DA:54,1
DA:55,3
DA:58,1
DA:59,1
DA:61,1
DA:62,0
DA:64,1
DA:65,3
DA:67,1
DA:68,3
DA:70,1
DA:71,3
DA:73,1
DA:74,3
DA:78,1
LF:46
LH:43
BRF:0
BRH:0
end_of_record
TN:
SF:H:/angular/angular-github-issues/src/apps/github/shared/services/index.ts
FNF:0
FNH:0
DA:1,1
DA:2,1
LF:2
LH:2
BRF:0
BRH:0
end_of_record
TN:
SF:H:/angular/angular-github-issues/src/apps/github/shared/services/token.interceptor.service.ts
FN:14,(anonymous_2)
FN:16,TokenInterceptor
FN:18,(anonymous_4)
FN:25,(anonymous_5)
FNF:4
FNH:4
FNDA:1,(anonymous_2)
FNDA:9,TokenInterceptor
FNDA:9,(anonymous_4)
FNDA:17,(anonymous_5)
DA:1,1
DA:9,1
DA:11,1
DA:14,1
DA:15,9
DA:16,9
DA:17,9
DA:18,9
DA:19,9
DA:20,0
DA:25,1
DA:26,17
DA:27,0
DA:33,17
DA:35,1
LF:15
LH:13
BRDA:19,0,0,0
BRDA:19,0,1,9
BRDA:26,1,0,0
BRDA:26,1,1,17
BRF:4
BRH:2
end_of_record
TN:
SF:H:/angular/angular-github-issues/src/apps/github/store/index.ts
FNF:0
FNH:0
DA:1,1
DA:2,1
DA:3,1
LF:3
LH:3
BRF:0
BRH:0
end_of_record
TN:
SF:H:/angular/angular-github-issues/src/apps/github/store/actions/index.ts
FNF:0
FNH:0
DA:1,1
DA:2,1
DA:3,1
LF:3
LH:3
BRF:0
BRH:0
end_of_record
TN:
SF:H:/angular/angular-github-issues/src/apps/github/store/actions/issue.action.ts
FN:7,(anonymous_0)
FN:9,LoadAllIssues
FN:12,(anonymous_2)
FN:14,LoadAllIssuesSuccess
FNF:4
FNH:4
FNDA:1,(anonymous_0)
FNDA:1,LoadAllIssues
FNDA:1,(anonymous_2)
FNDA:1,LoadAllIssuesSuccess
DA:4,1
DA:5,1
DA:7,1
DA:8,1
DA:9,1
DA:10,1
DA:12,1
DA:13,1
DA:14,1
DA:15,1
LF:10
LH:10
BRF:0
BRH:0
end_of_record
TN:
SF:H:/angular/angular-github-issues/src/apps/github/store/actions/repo.action.ts
FN:9,(anonymous_0)
FN:11,LoadAllRepos
FN:14,(anonymous_2)
FN:16,LoadAllReposSuccess
FN:20,(anonymous_4)
FN:22,SetCurrentRepoId
FN:25,(anonymous_6)
FN:27,LoadRepoFailure
FNF:8
FNH:7
FNDA:1,(anonymous_0)
FNDA:3,LoadAllRepos
FNDA:1,(anonymous_2)
FNDA:3,LoadAllReposSuccess
FNDA:1,(anonymous_4)
FNDA:4,SetCurrentRepoId
FNDA:1,(anonymous_6)
FNDA:0,LoadRepoFailure
DA:4,1
DA:5,1
DA:6,1
DA:7,1
DA:9,1
DA:10,3
DA:11,3
DA:12,1
DA:14,1
DA:15,3
DA:16,3
DA:17,1
DA:20,1
DA:21,4
DA:22,4
DA:23,1
DA:25,1
DA:26,0
DA:27,0
DA:28,1
LF:20
LH:18
BRF:0
BRH:0
end_of_record
TN:
SF:H:/angular/angular-github-issues/src/apps/github/store/actions/user.action.ts
FN:21,(anonymous_0)
FN:23,LoadAllUsers
FN:26,(anonymous_2)
FN:28,LoadAllUsersSuccess
FN:31,(anonymous_4)
FN:33,LoadFullUser
FN:36,(anonymous_6)
FN:38,LoadFullUserSuccess
FN:42,(anonymous_8)
FN:44,LoadUserRepo
FN:47,(anonymous_10)
FN:49,LoadUserRepoSuccess
FN:52,(anonymous_12)
FN:54,LoadUserGist
FN:57,(anonymous_14)
FN:59,LoadUserGistSuccess
FN:62,(anonymous_16)
FN:64,LoadAllFollowers
FN:67,(anonymous_18)
FN:69,LoadAllFollowersSuccess
FN:71,(anonymous_20)
FN:73,LoadAllFollowing
FN:76,(anonymous_22)
FN:78,LoadAllFollowingSuccess
FN:81,(anonymous_24)
FN:83,SetCurrentUserId
FN:86,(anonymous_26)
FN:88,SetCurrentUserIdSuccess
FN:91,(anonymous_28)
FN:93,SetApiToken
FNF:30
FNH:27
FNDA:1,(anonymous_0)
FNDA:1,LoadAllUsers
FNDA:1,(anonymous_2)
FNDA:1,LoadAllUsersSuccess
FNDA:1,(anonymous_4)
FNDA:0,LoadFullUser
FNDA:1,(anonymous_6)
FNDA:0,LoadFullUserSuccess
FNDA:1,(anonymous_8)
FNDA:3,LoadUserRepo
FNDA:1,(anonymous_10)
FNDA:3,LoadUserRepoSuccess
FNDA:1,(anonymous_12)
FNDA:3,LoadUserGist
FNDA:1,(anonymous_14)
FNDA:3,LoadUserGistSuccess
FNDA:1,(anonymous_16)
FNDA:3,LoadAllFollowers
FNDA:1,(anonymous_18)
FNDA:3,LoadAllFollowersSuccess
FNDA:1,(anonymous_20)
FNDA:3,LoadAllFollowing
FNDA:1,(anonymous_22)
FNDA:3,LoadAllFollowingSuccess
FNDA:1,(anonymous_24)
FNDA:2,SetCurrentUserId
FNDA:1,(anonymous_26)
FNDA:2,SetCurrentUserIdSuccess
FNDA:1,(anonymous_28)
FNDA:0,SetApiToken
DA:4,1
DA:5,1
DA:6,1
DA:7,1
DA:8,1
DA:9,1
DA:10,1
DA:11,1
DA:12,1
DA:13,1
DA:14,1
DA:15,1
DA:16,1
DA:17,1
DA:18,1
DA:19,1
DA:21,1
DA:22,1
DA:23,1
DA:24,1
DA:26,1
DA:27,1
DA:28,1
DA:29,1
DA:31,1
DA:32,0
DA:33,0
DA:34,1
DA:36,1
DA:37,0
DA:38,0
DA:39,1
DA:42,1
DA:43,3
DA:44,3
DA:45,1
DA:47,1
DA:48,3
DA:49,3
DA:50,1
DA:52,1
DA:53,3
DA:54,3
DA:55,1
DA:57,1
DA:58,3
DA:59,3
DA:60,1
DA:62,1
DA:63,3
DA:64,3
DA:65,1
DA:67,1
DA:68,3
DA:69,3
DA:70,1
DA:71,1
DA:72,3
DA:73,3
DA:74,1
DA:76,1
DA:77,3
DA:78,3
DA:79,1
DA:81,1
DA:82,2
DA:83,2
DA:84,1
DA:86,1
DA:87,2
DA:88,2
DA:89,1
DA:91,1
DA:92,0
DA:93,0
DA:94,1
LF:76
LH:70
BRF:0
BRH:0
end_of_record
TN:
SF:H:/angular/angular-github-issues/src/apps/github/store/effects/index.ts
FNF:0
FNH:0
DA:1,1
DA:2,1
DA:3,1
LF:3
LH:3
BRF:0
BRH:0
end_of_record
TN:
SF:H:/angular/angular-github-issues/src/apps/github/store/effects/issue.effect.ts
FN:13,(anonymous_2)
FN:28,IssueEffects
FN:18,(anonymous_4)
FN:19,(anonymous_5)
FN:21,(anonymous_6)
FN:32,(anonymous_7)
FNF:6
FNH:6
FNDA:1,(anonymous_2)
FNDA:8,IssueEffects
FNDA:1,(anonymous_4)
FNDA:1,(anonymous_5)
FNDA:1,(anonymous_6)
FNDA:1,(anonymous_7)
DA:2,1
DA:3,1
DA:4,1
DA:6,1
DA:7,1
DA:9,1
DA:13,1
DA:16,9
DA:18,1
DA:20,1
DA:22,1
DA:28,8
DA:29,8
DA:32,1
DA:33,1
DA:34,1
DA:35,1
DA:37,1
LF:18
LH:18
BRF:0
BRH:0
end_of_record
TN:
SF:H:/angular/angular-github-issues/src/apps/github/store/effects/repo.effect.ts
FN:11,(anonymous_2)
FN:31,RepoEffects
FN:17,(anonymous_4)
FN:18,(anonymous_5)
FN:20,(anonymous_6)
FN:24,(anonymous_7)
FNF:6
FNH:5
FNDA:1,(anonymous_2)
FNDA:8,RepoEffects
FNDA:3,(anonymous_4)
FNDA:3,(anonymous_5)
FNDA:3,(anonymous_6)
FNDA:0,(anonymous_7)
DA:2,1
DA:3,1
DA:4,1
DA:6,1
DA:7,1
DA:8,1
DA:11,1
DA:14,9
DA:17,3
DA:19,3
DA:21,3
DA:25,0
DA:31,8
DA:32,8
DA:34,1
LF:15
LH:14
BRF:0
BRH:0
end_of_record
TN:
SF:H:/angular/angular-github-issues/src/apps/github/store/effects/user.effect.ts
FN:12,(anonymous_2)
FN:110,UserEffects
FN:18,(anonymous_4)
FN:19,(anonymous_5)
FN:21,(anonymous_6)
FN:32,(anonymous_7)
FN:33,(anonymous_8)
FN:35,(anonymous_9)
FN:45,(anonymous_10)
FN:46,(anonymous_11)
FN:48,(anonymous_12)
FN:58,(anonymous_13)
FN:59,(anonymous_14)
FN:61,(anonymous_15)
FN:72,(anonymous_16)
FN:73,(anonymous_17)
FN:75,(anonymous_18)
FN:85,(anonymous_19)
FN:86,(anonymous_20)
FN:88,(anonymous_21)
FN:99,(anonymous_22)
FN:100,(anonymous_23)
FNF:22
FNH:19
FNDA:1,(anonymous_2)
FNDA:16,UserEffects
FNDA:1,(anonymous_4)
FNDA:1,(anonymous_5)
FNDA:1,(anonymous_6)
FNDA:0,(anonymous_7)
FNDA:0,(anonymous_8)
FNDA:0,(anonymous_9)
FNDA:3,(anonymous_10)
FNDA:3,(anonymous_11)
FNDA:3,(anonymous_12)
FNDA:3,(anonymous_13)
FNDA:3,(anonymous_14)
FNDA:3,(anonymous_15)
FNDA:3,(anonymous_16)
FNDA:3,(anonymous_17)
FNDA:3,(anonymous_18)
FNDA:3,(anonymous_19)
FNDA:3,(anonymous_20)
FNDA:3,(anonymous_21)
FNDA:2,(anonymous_22)
FNDA:2,(anonymous_23)
DA:2,1
DA:3,1
DA:4,1
DA:6,1
DA:7,1
DA:9,1
DA:12,1
DA:15,17
DA:18,1
DA:20,1
DA:22,1
DA:29,17
DA:32,0
DA:34,0
DA:36,0
DA:42,17
DA:45,3
DA:47,3
DA:49,3
DA:55,17
DA:58,3
DA:60,3
DA:62,3
DA:69,17
DA:72,3
DA:74,3
DA:76,3
DA:82,17
DA:85,3
DA:87,3
DA:89,3
DA:96,17
DA:99,2
DA:101,2
DA:110,16
DA:111,16
DA:113,1
LF:37
LH:34
BRF:0
BRH:0
end_of_record
TN:
SF:H:/angular/angular-github-issues/src/apps/github/store/reducers/index.ts
FN:22,(anonymous_0)
FN:23,(anonymous_1)
FNF:2
FNH:2
FNDA:6,(anonymous_0)
FNDA:56,(anonymous_1)
DA:2,1
DA:3,1
DA:4,1
DA:5,1
DA:15,1
DA:22,6
DA:23,56
DA:36,1
DA:37,1
DA:38,1
DA:41,1
DA:42,1
DA:43,1
DA:44,1
DA:45,1
DA:46,1
DA:47,1
DA:48,1
LF:18
LH:18
BRF:0
BRH:0
end_of_record
TN:
SF:H:/angular/angular-github-issues/src/apps/github/store/reducers/issue.reducer.ts
FN:9,(anonymous_1)
FN:37,issueReducer
FNF:2
FNH:2
FNDA:100,(anonymous_1)
FNDA:90,issueReducer
DA:2,1
DA:3,1
DA:8,1
DA:9,100
DA:27,1
DA:32,1
DA:37,114
DA:39,90
DA:42,1
DA:45,89
LF:10
LH:10
BRDA:37,0,0,24
BRDA:37,0,1,66
BRDA:41,1,0,1
BRDA:41,1,1,89
BRF:4
BRH:4
end_of_record
TN:
SF:H:/angular/angular-github-issues/src/apps/github/store/reducers/repo.reducer.ts
FN:9,(anonymous_1)
FN:37,repoReducer
FN:65,(anonymous_3)
FN:67,(anonymous_4)
FN:69,(anonymous_5)
FNF:5
FNH:5
FNDA:120,(anonymous_1)
FNDA:90,repoReducer
FNDA:4,(anonymous_3)
FNDA:4,(anonymous_4)
FNDA:4,(anonymous_5)
DA:1,1
DA:2,1
DA:3,1
DA:8,1
DA:9,120
DA:27,1
DA:32,1
DA:37,114
DA:39,90
DA:42,4
DA:46,3
DA:50,0
DA:53,83
DA:65,4
DA:67,4
DA:69,1
DA:70,4
LF:17
LH:16
BRDA:37,0,0,24
BRDA:37,0,1,66
BRDA:41,1,0,4
BRDA:41,1,1,3
BRDA:41,1,2,0
BRDA:41,1,3,83
BRF:6
BRH:5
end_of_record
TN:
SF:H:/angular/angular-github-issues/src/apps/github/store/reducers/user.reducer.ts
FN:29,userReducer
FN:72,(anonymous_2)
FN:74,(anonymous_3)
FN:76,(anonymous_4)
FN:78,(anonymous_5)
FN:80,(anonymous_6)
FN:82,(anonymous_7)
FN:84,(anonymous_8)
FN:86,(anonymous_9)
FNF:9
FNH:7
FNDA:90,userReducer
FNDA:8,(anonymous_2)
FNDA:2,(anonymous_3)
FNDA:2,(anonymous_4)
FNDA:0,(anonymous_5)
FNDA:2,(anonymous_6)
FNDA:2,(anonymous_7)
FNDA:19,(anonymous_8)
FNDA:0,(anonymous_9)
DA:3,1
DA:17,1
DA:29,114
DA:31,90
DA:34,2
DA:38,0
DA:42,1
DA:46,0
DA:50,3
DA:54,3
DA:58,3
DA:62,3
DA:66,75
DA:72,8
DA:74,2
DA:76,2
DA:78,1
DA:80,2
DA:82,2
DA:84,19
DA:86,1
LF:21
LH:19
BRDA:29,0,0,24
BRDA:29,0,1,66
BRDA:33,1,0,2
BRDA:33,1,1,0
BRDA:33,1,2,1
BRDA:33,1,3,0
BRDA:33,1,4,3
BRDA:33,1,5,3
BRDA:33,1,6,3
BRDA:33,1,7,3
BRDA:33,1,8,75
BRF:11
BRH:9
end_of_record
TN:
SF:H:/angular/angular-github-issues/src/apps/jobs/index.ts
FNF:0
FNH:0
DA:1,1
DA:2,1
LF:2
LH:2
BRF:0
BRH:0
end_of_record
TN:
SF:H:/angular/angular-github-issues/src/apps/jobs/components/index.ts
FNF:0
FNH:0
DA:1,1
LF:1
LH:1
BRF:0
BRH:0
end_of_record
TN:
SF:H:/angular/angular-github-issues/src/apps/jobs/components/job-listing/index.ts
FNF:0
FNH:0
DA:1,1
LF:1
LH:1
BRF:0
BRH:0
end_of_record
TN:
SF:H:/angular/angular-github-issues/src/apps/jobs/components/job-listing/job-listing.component.ts
FN:12,(anonymous_2)
FN:16,JobListingComponent
FN:22,(anonymous_4)
FNF:3
FNH:2
FNDA:1,(anonymous_2)
FNDA:1,JobListingComponent
FNDA:0,(anonymous_4)
DA:1,1
DA:2,1
DA:3,1
DA:4,1
DA:12,1
DA:16,1
DA:18,1
DA:19,1
DA:22,1
DA:26,1
LF:10
LH:10
BRF:0
BRH:0
end_of_record
TN:
SF:H:/angular/angular-github-issues/src/apps/jobs/containers/index.ts
FNF:0
FNH:0
DA:1,1
LF:1
LH:1
BRF:0
BRH:0
end_of_record
TN:
SF:H:/angular/angular-github-issues/src/apps/jobs/containers/job-search/index.ts
FNF:0
FNH:0
DA:1,1
LF:1
LH:1
BRF:0
BRH:0
end_of_record
TN:
SF:H:/angular/angular-github-issues/src/apps/jobs/containers/job-search/search.component.ts
FN:12,(anonymous_2)
FN:16,SearchComponent
FN:22,(anonymous_4)
FNF:3
FNH:2
FNDA:1,(anonymous_2)
FNDA:1,SearchComponent
FNDA:0,(anonymous_4)
DA:1,1
DA:2,1
DA:3,1
DA:4,1
DA:12,1
DA:16,1
DA:18,1
DA:19,1
DA:22,1
DA:26,1
LF:10
LH:10
BRF:0
BRH:0
end_of_record
